  [1m[36m (81.0ms)[0m  [1mCREATE TABLE "schema_migrations" ("version" varchar(255) NOT NULL) [0m
  [1m[35m (0.0ms)[0m  select sqlite_version(*)
  [1m[36m (82.0ms)[0m  [1mCREATE UNIQUE INDEX "unique_schema_migrations" ON "schema_migrations" ("version")[0m
  [1m[35mActiveRecord::SchemaMigration Load (0.0ms)[0m  SELECT "schema_migrations".* FROM "schema_migrations"
Migrating to CreatePosts (20140824025806)
  [1m[36m (0.0ms)[0m  [1mbegin transaction[0m
  [1m[35m (1.0ms)[0m  CREATE TABLE "posts" ("id" INTEGER PRIMARY KEY AUTOINCREMENT NOT NULL, "title" varchar(255), "body" text, "created_at" datetime, "updated_at" datetime) 
  [1m[36mSQL (0.0ms)[0m  [1mINSERT INTO "schema_migrations" ("version") VALUES (?)[0m  [["version", "20140824025806"]]
  [1m[35m (82.0ms)[0m  commit transaction
Migrating to CreateComments (20140824025923)
  [1m[36m (0.0ms)[0m  [1mbegin transaction[0m
  [1m[35m (1.0ms)[0m  CREATE TABLE "comments" ("id" INTEGER PRIMARY KEY AUTOINCREMENT NOT NULL, "post_id" integer, "body" text, "created_at" datetime, "updated_at" datetime) 
  [1m[36mSQL (0.0ms)[0m  [1mINSERT INTO "schema_migrations" ("version") VALUES (?)[0m  [["version", "20140824025923"]]
  [1m[35m (114.0ms)[0m  commit transaction
  [1m[36mActiveRecord::SchemaMigration Load (0.0ms)[0m  [1mSELECT "schema_migrations".* FROM "schema_migrations"[0m


Started GET "/posts" for 127.0.0.1 at 2014-08-24 13:06:30 +1000
  [1m[36mActiveRecord::SchemaMigration Load (0.0ms)[0m  [1mSELECT "schema_migrations".* FROM "schema_migrations"[0m
Processing by PostsController#index as HTML
  [1m[35mPost Load (0.0ms)[0m  SELECT "posts".* FROM "posts"
  Rendered posts/index.html.erb within layouts/application (7.0ms)
Completed 200 OK in 4046ms (Views: 4022.2ms | ActiveRecord: 0.0ms)


Started GET "/assets/comments.css?body=1" for 127.0.0.1 at 2014-08-24 13:06:35 +1000


Started GET "/assets/posts.css?body=1" for 127.0.0.1 at 2014-08-24 13:06:35 +1000


Started GET "/assets/turbolinks.js?body=1" for 127.0.0.1 at 2014-08-24 13:06:35 +1000


Started GET "/assets/scaffolds.css?body=1" for 127.0.0.1 at 2014-08-24 13:06:35 +1000


Started GET "/assets/application.css?body=1" for 127.0.0.1 at 2014-08-24 13:06:35 +1000


Started GET "/assets/comments.js?body=1" for 127.0.0.1 at 2014-08-24 13:06:35 +1000


Started GET "/assets/jquery.js?body=1" for 127.0.0.1 at 2014-08-24 13:06:35 +1000


Started GET "/assets/jquery_ujs.js?body=1" for 127.0.0.1 at 2014-08-24 13:06:35 +1000


Started GET "/assets/posts.js?body=1" for 127.0.0.1 at 2014-08-24 13:06:35 +1000


Started GET "/assets/application.js?body=1" for 127.0.0.1 at 2014-08-24 13:06:35 +1000


Started GET "/posts/new" for 127.0.0.1 at 2014-08-24 13:06:40 +1000
Processing by PostsController#new as HTML
  Rendered posts/_form.html.erb (120.0ms)
  Rendered posts/new.html.erb within layouts/application (183.0ms)
Completed 200 OK in 192ms (Views: 190.0ms | ActiveRecord: 0.0ms)


Started POST "/posts" for 127.0.0.1 at 2014-08-24 13:07:11 +1000
Processing by PostsController#create as HTML
  Parameters: {"utf8"=>"✓", "authenticity_token"=>"vYwF2i+A494Th8dgvTj5YVyZJuZFbhF7xPoxa4K4kdg=", "post"=>{"title"=>"My First Post", "body"=>"Life is great!"}, "commit"=>"Create Post"}
  [1m[36m (0.0ms)[0m  [1mbegin transaction[0m
  [1m[35mSQL (4.0ms)[0m  INSERT INTO "posts" ("body", "created_at", "title", "updated_at") VALUES (?, ?, ?, ?)  [["body", "Life is great!"], ["created_at", "2014-08-24 03:07:11.432620"], ["title", "My First Post"], ["updated_at", "2014-08-24 03:07:11.432620"]]
  [1m[36m (169.0ms)[0m  [1mcommit transaction[0m
Redirected to http://127.0.0.1:3000/posts/1
Completed 302 Found in 199ms (ActiveRecord: 173.0ms)


Started GET "/posts/1" for 127.0.0.1 at 2014-08-24 13:07:11 +1000
Processing by PostsController#show as HTML
  Parameters: {"id"=>"1"}
  [1m[35mPost Load (0.0ms)[0m  SELECT  "posts".* FROM "posts"  WHERE "posts"."id" = ? LIMIT 1  [["id", 1]]
  Rendered posts/show.html.erb within layouts/application (1.0ms)
Completed 200 OK in 10ms (Views: 6.0ms | ActiveRecord: 0.0ms)


Started GET "/posts/" for 127.0.0.1 at 2014-08-24 13:07:40 +1000
Processing by PostsController#index as HTML
  [1m[36mPost Load (0.0ms)[0m  [1mSELECT "posts".* FROM "posts"[0m
  Rendered posts/index.html.erb within layouts/application (1.0ms)
Completed 200 OK in 33ms (Views: 32.0ms | ActiveRecord: 0.0ms)


Started GET "/assets/posts.css?body=1" for 127.0.0.1 at 2014-08-24 13:07:41 +1000


Started GET "/assets/scaffolds.css?body=1" for 127.0.0.1 at 2014-08-24 13:07:41 +1000


Started GET "/assets/comments.css?body=1" for 127.0.0.1 at 2014-08-24 13:07:41 +1000


Started GET "/assets/application.css?body=1" for 127.0.0.1 at 2014-08-24 13:07:41 +1000


Started GET "/assets/comments.js?body=1" for 127.0.0.1 at 2014-08-24 13:07:41 +1000


Started GET "/assets/posts.js?body=1" for 127.0.0.1 at 2014-08-24 13:07:41 +1000


Started GET "/assets/application.js?body=1" for 127.0.0.1 at 2014-08-24 13:07:41 +1000
  [1m[36m (104.0ms)[0m  [1mCREATE TABLE "schema_migrations" ("version" varchar(255) NOT NULL) [0m
  [1m[35m (1.0ms)[0m  select sqlite_version(*)
  [1m[36m (76.0ms)[0m  [1mCREATE UNIQUE INDEX "unique_schema_migrations" ON "schema_migrations" ("version")[0m
  [1m[35mActiveRecord::SchemaMigration Load (0.0ms)[0m  SELECT "schema_migrations".* FROM "schema_migrations"
Migrating to CreatePosts (20140824025806)
  [1m[36m (0.0ms)[0m  [1mbegin transaction[0m
  [1m[35m (1.0ms)[0m  CREATE TABLE "posts" ("id" INTEGER PRIMARY KEY AUTOINCREMENT NOT NULL, "title" varchar(255), "body" text, "created_at" datetime, "updated_at" datetime) 
  [1m[36mSQL (1.0ms)[0m  [1mINSERT INTO "schema_migrations" ("version") VALUES (?)[0m  [["version", "20140824025806"]]
  [1m[35m (103.0ms)[0m  commit transaction
Migrating to CreateComments (20140824025923)
  [1m[36m (0.0ms)[0m  [1mbegin transaction[0m
  [1m[35m (2.0ms)[0m  CREATE TABLE "comments" ("id" INTEGER PRIMARY KEY AUTOINCREMENT NOT NULL, "post_id" integer, "body" text, "created_at" datetime, "updated_at" datetime) 
  [1m[36mSQL (0.0ms)[0m  [1mINSERT INTO "schema_migrations" ("version") VALUES (?)[0m  [["version", "20140824025923"]]
  [1m[35m (107.0ms)[0m  commit transaction
  [1m[36mActiveRecord::SchemaMigration Load (0.0ms)[0m  [1mSELECT "schema_migrations".* FROM "schema_migrations"[0m
  [1m[36m (0.0ms)[0m  [1mbegin transaction[0m
  [1m[35mSQL (1.0ms)[0m  INSERT INTO "posts" ("body", "created_at", "title", "updated_at") VALUES (?, ?, ?, ?)  [["body", "Life is Great!"], ["created_at", "2014-08-24 04:47:24.193530"], ["title", "My First Post"], ["updated_at", "2014-08-24 04:47:24.193530"]]
  [1m[36m (110.0ms)[0m  [1mcommit transaction[0m
  [1m[35mPost Load (1.0ms)[0m  SELECT "posts".* FROM "posts"
  [1m[36mPost Load (0.0ms)[0m  [1mSELECT  "posts".* FROM "posts"   ORDER BY "posts"."id" ASC LIMIT 1[0m
  [1m[36mPost Load (3.0ms)[0m  [1mSELECT "posts".* FROM "posts"[0m
  [1m[35mPost Load (1.0ms)[0m  SELECT "posts".* FROM "posts"
  [1m[36mPost Load (1.0ms)[0m  [1mSELECT "posts".* FROM "posts"[0m


Started GET "/" for 127.0.0.1 at 2014-08-24 14:58:54 +1000
  [1m[36mActiveRecord::SchemaMigration Load (0.0ms)[0m  [1mSELECT "schema_migrations".* FROM "schema_migrations"[0m
Processing by Rails::WelcomeController#index as HTML
  Rendered C:/RailsInstaller/Ruby1.9.3/lib/ruby/gems/1.9.1/gems/railties-4.1.5/lib/rails/templates/rails/welcome/index.html.erb (5.0ms)
Completed 200 OK in 57ms (Views: 42.0ms | ActiveRecord: 0.0ms)


Started GET "/blog" for 127.0.0.1 at 2014-08-24 14:59:07 +1000

ActionController::RoutingError (No route matches [GET] "/blog"):
  actionpack (4.1.5) lib/action_dispatch/middleware/debug_exceptions.rb:21:in `call'
  actionpack (4.1.5) lib/action_dispatch/middleware/show_exceptions.rb:30:in `call'
  railties (4.1.5) lib/rails/rack/logger.rb:38:in `call_app'
  railties (4.1.5) lib/rails/rack/logger.rb:20:in `block in call'
  activesupport (4.1.5) lib/active_support/tagged_logging.rb:68:in `block in tagged'
  activesupport (4.1.5) lib/active_support/tagged_logging.rb:26:in `tagged'
  activesupport (4.1.5) lib/active_support/tagged_logging.rb:68:in `tagged'
  railties (4.1.5) lib/rails/rack/logger.rb:20:in `call'
  actionpack (4.1.5) lib/action_dispatch/middleware/request_id.rb:21:in `call'
  rack (1.5.2) lib/rack/methodoverride.rb:21:in `call'
  rack (1.5.2) lib/rack/runtime.rb:17:in `call'
  activesupport (4.1.5) lib/active_support/cache/strategy/local_cache_middleware.rb:26:in `call'
  rack (1.5.2) lib/rack/lock.rb:17:in `call'
  actionpack (4.1.5) lib/action_dispatch/middleware/static.rb:64:in `call'
  rack (1.5.2) lib/rack/sendfile.rb:112:in `call'
  railties (4.1.5) lib/rails/engine.rb:514:in `call'
  railties (4.1.5) lib/rails/application.rb:144:in `call'
  rack (1.5.2) lib/rack/lock.rb:17:in `call'
  rack (1.5.2) lib/rack/content_length.rb:14:in `call'
  rack (1.5.2) lib/rack/handler/webrick.rb:60:in `service'
  C:/RailsInstaller/Ruby1.9.3/lib/ruby/1.9.1/webrick/httpserver.rb:138:in `service'
  C:/RailsInstaller/Ruby1.9.3/lib/ruby/1.9.1/webrick/httpserver.rb:94:in `run'
  C:/RailsInstaller/Ruby1.9.3/lib/ruby/1.9.1/webrick/server.rb:191:in `block in start_thread'


  Rendered C:/RailsInstaller/Ruby1.9.3/lib/ruby/gems/1.9.1/gems/actionpack-4.1.5/lib/action_dispatch/middleware/templates/rescues/_trace.html.erb (1.0ms)
  Rendered C:/RailsInstaller/Ruby1.9.3/lib/ruby/gems/1.9.1/gems/actionpack-4.1.5/lib/action_dispatch/middleware/templates/routes/_route.html.erb (1.0ms)
  Rendered C:/RailsInstaller/Ruby1.9.3/lib/ruby/gems/1.9.1/gems/actionpack-4.1.5/lib/action_dispatch/middleware/templates/routes/_table.html.erb (34.0ms)
  Rendered C:/RailsInstaller/Ruby1.9.3/lib/ruby/gems/1.9.1/gems/actionpack-4.1.5/lib/action_dispatch/middleware/templates/rescues/routing_error.html.erb within rescues/layout (142.0ms)


Started GET "/posts" for 127.0.0.1 at 2014-08-24 14:59:16 +1000
Processing by PostsController#index as HTML
  [1m[35mPost Load (0.0ms)[0m  SELECT "posts".* FROM "posts"
  Rendered posts/index.html.erb within layouts/application (7.0ms)
Completed 200 OK in 92ms (Views: 62.0ms | ActiveRecord: 1.0ms)


Started GET "/assets/application.css?body=1" for 127.0.0.1 at 2014-08-24 14:59:16 +1000


Started GET "/assets/posts.css?body=1" for 127.0.0.1 at 2014-08-24 14:59:16 +1000


Started GET "/assets/scaffolds.css?body=1" for 127.0.0.1 at 2014-08-24 14:59:16 +1000


Started GET "/assets/comments.css?body=1" for 127.0.0.1 at 2014-08-24 14:59:16 +1000


Started GET "/assets/jquery.js?body=1" for 127.0.0.1 at 2014-08-24 14:59:16 +1000


Started GET "/assets/jquery_ujs.js?body=1" for 127.0.0.1 at 2014-08-24 14:59:16 +1000


Started GET "/assets/turbolinks.js?body=1" for 127.0.0.1 at 2014-08-24 14:59:16 +1000


Started GET "/assets/comments.js?body=1" for 127.0.0.1 at 2014-08-24 14:59:16 +1000


Started GET "/assets/posts.js?body=1" for 127.0.0.1 at 2014-08-24 14:59:16 +1000


Started GET "/assets/application.js?body=1" for 127.0.0.1 at 2014-08-24 14:59:16 +1000


Started GET "/posts/new" for 127.0.0.1 at 2014-08-24 14:59:22 +1000
Processing by PostsController#new as HTML
  Rendered posts/_form.html.erb (21.0ms)
  Rendered posts/new.html.erb within layouts/application (24.0ms)
Completed 200 OK in 31ms (Views: 30.0ms | ActiveRecord: 0.0ms)


Started POST "/posts" for 127.0.0.1 at 2014-08-24 14:59:46 +1000
Processing by PostsController#create as HTML
  Parameters: {"utf8"=>"✓", "authenticity_token"=>"vYwF2i+A494Th8dgvTj5YVyZJuZFbhF7xPoxa4K4kdg=", "post"=>{"title"=>"Second Post", "body"=>"What next?"}, "commit"=>"Create Post"}
  [1m[36m (0.0ms)[0m  [1mbegin transaction[0m
  [1m[35mSQL (0.0ms)[0m  INSERT INTO "posts" ("body", "created_at", "title", "updated_at") VALUES (?, ?, ?, ?)  [["body", "What next?"], ["created_at", "2014-08-24 04:59:46.955014"], ["title", "Second Post"], ["updated_at", "2014-08-24 04:59:46.955014"]]
  [1m[36m (149.0ms)[0m  [1mcommit transaction[0m
Redirected to http://127.0.0.1:3000/posts/2
Completed 302 Found in 204ms (ActiveRecord: 149.0ms)


Started GET "/posts/2" for 127.0.0.1 at 2014-08-24 14:59:47 +1000
Processing by PostsController#show as HTML
  Parameters: {"id"=>"2"}
  [1m[35mPost Load (1.0ms)[0m  SELECT  "posts".* FROM "posts"  WHERE "posts"."id" = ? LIMIT 1  [["id", 2]]
  Rendered posts/show.html.erb within layouts/application (1.0ms)
Completed 200 OK in 8ms (Views: 6.0ms | ActiveRecord: 1.0ms)


Started GET "/assets/comments.css?body=1" for 127.0.0.1 at 2014-08-24 14:59:47 +1000


Started GET "/assets/posts.css?body=1" for 127.0.0.1 at 2014-08-24 14:59:47 +1000


Started GET "/assets/scaffolds.css?body=1" for 127.0.0.1 at 2014-08-24 14:59:47 +1000


Started GET "/assets/application.css?body=1" for 127.0.0.1 at 2014-08-24 14:59:47 +1000


Started GET "/assets/jquery.js?body=1" for 127.0.0.1 at 2014-08-24 14:59:47 +1000


Started GET "/assets/jquery_ujs.js?body=1" for 127.0.0.1 at 2014-08-24 14:59:47 +1000


Started GET "/assets/turbolinks.js?body=1" for 127.0.0.1 at 2014-08-24 14:59:47 +1000


Started GET "/assets/comments.js?body=1" for 127.0.0.1 at 2014-08-24 14:59:47 +1000


Started GET "/assets/posts.js?body=1" for 127.0.0.1 at 2014-08-24 14:59:47 +1000


Started GET "/assets/application.js?body=1" for 127.0.0.1 at 2014-08-24 14:59:47 +1000


Started GET "/posts" for 127.0.0.1 at 2014-08-24 14:59:50 +1000
Processing by PostsController#index as HTML
  [1m[36mPost Load (0.0ms)[0m  [1mSELECT "posts".* FROM "posts"[0m
  Rendered posts/index.html.erb within layouts/application (8.0ms)
Completed 200 OK in 29ms (Views: 27.0ms | ActiveRecord: 0.0ms)
  [1m[36mPost Load (3.0ms)[0m  [1mSELECT "posts".* FROM "posts"[0m
  [1m[35mComment Load (0.0ms)[0m  SELECT "comments".* FROM "comments"  WHERE "comments"."post_id" = ?  [["post_id", 1]]
  [1m[36mComment Load (1.0ms)[0m  [1mSELECT "comments".* FROM "comments"  WHERE "comments"."post_id" = ?[0m  [["post_id", 2]]
  [1m[36mPost Load (3.0ms)[0m  [1mSELECT "posts".* FROM "posts"[0m
  [1m[35mComment Load (1.0ms)[0m  SELECT "comments".* FROM "comments"
  [1m[36mPost Load (1.0ms)[0m  [1mSELECT "posts".* FROM "posts"[0m
  [1m[35m (0.0ms)[0m  begin transaction
  [1m[36mComment Load (0.0ms)[0m  [1mSELECT "comments".* FROM "comments"  WHERE "comments"."post_id" = ?[0m  [["post_id", 2]]
  [1m[35mSQL (0.0ms)[0m  DELETE FROM "posts" WHERE "posts"."id" = ?  [["id", 2]]
  [1m[36m (97.0ms)[0m  [1mcommit transaction[0m


Started DELETE "/posts/2" for 127.0.0.1 at 2014-08-24 15:12:15 +1000
  [1m[36mActiveRecord::SchemaMigration Load (0.0ms)[0m  [1mSELECT "schema_migrations".* FROM "schema_migrations"[0m
Processing by PostsController#destroy as HTML
  Parameters: {"authenticity_token"=>"vYwF2i+A494Th8dgvTj5YVyZJuZFbhF7xPoxa4K4kdg=", "id"=>"2"}
  [1m[35mPost Load (0.0ms)[0m  SELECT  "posts".* FROM "posts"  WHERE "posts"."id" = ? LIMIT 1  [["id", 2]]
Completed 404 Not Found in 26ms

ActiveRecord::RecordNotFound (Couldn't find Post with 'id'=2):
  app/controllers/posts_controller.rb:67:in `set_post'


  Rendered C:/RailsInstaller/Ruby1.9.3/lib/ruby/gems/1.9.1/gems/actionpack-4.1.5/lib/action_dispatch/middleware/templates/rescues/_source.erb (0.0ms)
  Rendered C:/RailsInstaller/Ruby1.9.3/lib/ruby/gems/1.9.1/gems/actionpack-4.1.5/lib/action_dispatch/middleware/templates/rescues/_trace.html.erb (2.0ms)
  Rendered C:/RailsInstaller/Ruby1.9.3/lib/ruby/gems/1.9.1/gems/actionpack-4.1.5/lib/action_dispatch/middleware/templates/rescues/_request_and_response.html.erb (1.0ms)
  Rendered C:/RailsInstaller/Ruby1.9.3/lib/ruby/gems/1.9.1/gems/actionpack-4.1.5/lib/action_dispatch/middleware/templates/rescues/diagnostics.erb within rescues/layout (53.0ms)


Started GET "/posts" for 127.0.0.1 at 2014-08-24 15:12:21 +1000
Processing by PostsController#index as HTML
  [1m[36mPost Load (0.0ms)[0m  [1mSELECT "posts".* FROM "posts"[0m
  Rendered posts/index.html.erb within layouts/application (5.0ms)
Completed 200 OK in 65ms (Views: 64.0ms | ActiveRecord: 0.0ms)


Started GET "/assets/comments.css?body=1" for 127.0.0.1 at 2014-08-24 15:12:21 +1000


Started GET "/assets/application.css?body=1" for 127.0.0.1 at 2014-08-24 15:12:21 +1000


Started GET "/assets/scaffolds.css?body=1" for 127.0.0.1 at 2014-08-24 15:12:21 +1000


Started GET "/assets/posts.css?body=1" for 127.0.0.1 at 2014-08-24 15:12:21 +1000


Started GET "/assets/jquery.js?body=1" for 127.0.0.1 at 2014-08-24 15:12:21 +1000


Started GET "/assets/jquery_ujs.js?body=1" for 127.0.0.1 at 2014-08-24 15:12:21 +1000


Started GET "/assets/turbolinks.js?body=1" for 127.0.0.1 at 2014-08-24 15:12:21 +1000


Started GET "/assets/comments.js?body=1" for 127.0.0.1 at 2014-08-24 15:12:21 +1000


Started GET "/assets/posts.js?body=1" for 127.0.0.1 at 2014-08-24 15:12:21 +1000


Started GET "/assets/application.js?body=1" for 127.0.0.1 at 2014-08-24 15:12:21 +1000


Started GET "/posts/1/connecnts" for 127.0.0.1 at 2014-08-24 15:12:45 +1000

ActionController::RoutingError (No route matches [GET] "/posts/1/connecnts"):
  actionpack (4.1.5) lib/action_dispatch/middleware/debug_exceptions.rb:21:in `call'
  actionpack (4.1.5) lib/action_dispatch/middleware/show_exceptions.rb:30:in `call'
  railties (4.1.5) lib/rails/rack/logger.rb:38:in `call_app'
  railties (4.1.5) lib/rails/rack/logger.rb:20:in `block in call'
  activesupport (4.1.5) lib/active_support/tagged_logging.rb:68:in `block in tagged'
  activesupport (4.1.5) lib/active_support/tagged_logging.rb:26:in `tagged'
  activesupport (4.1.5) lib/active_support/tagged_logging.rb:68:in `tagged'
  railties (4.1.5) lib/rails/rack/logger.rb:20:in `call'
  actionpack (4.1.5) lib/action_dispatch/middleware/request_id.rb:21:in `call'
  rack (1.5.2) lib/rack/methodoverride.rb:21:in `call'
  rack (1.5.2) lib/rack/runtime.rb:17:in `call'
  activesupport (4.1.5) lib/active_support/cache/strategy/local_cache_middleware.rb:26:in `call'
  rack (1.5.2) lib/rack/lock.rb:17:in `call'
  actionpack (4.1.5) lib/action_dispatch/middleware/static.rb:64:in `call'
  rack (1.5.2) lib/rack/sendfile.rb:112:in `call'
  railties (4.1.5) lib/rails/engine.rb:514:in `call'
  railties (4.1.5) lib/rails/application.rb:144:in `call'
  rack (1.5.2) lib/rack/lock.rb:17:in `call'
  rack (1.5.2) lib/rack/content_length.rb:14:in `call'
  rack (1.5.2) lib/rack/handler/webrick.rb:60:in `service'
  C:/RailsInstaller/Ruby1.9.3/lib/ruby/1.9.1/webrick/httpserver.rb:138:in `service'
  C:/RailsInstaller/Ruby1.9.3/lib/ruby/1.9.1/webrick/httpserver.rb:94:in `run'
  C:/RailsInstaller/Ruby1.9.3/lib/ruby/1.9.1/webrick/server.rb:191:in `block in start_thread'


  Rendered C:/RailsInstaller/Ruby1.9.3/lib/ruby/gems/1.9.1/gems/actionpack-4.1.5/lib/action_dispatch/middleware/templates/rescues/_trace.html.erb (2.0ms)
  Rendered C:/RailsInstaller/Ruby1.9.3/lib/ruby/gems/1.9.1/gems/actionpack-4.1.5/lib/action_dispatch/middleware/templates/routes/_route.html.erb (2.0ms)
  Rendered C:/RailsInstaller/Ruby1.9.3/lib/ruby/gems/1.9.1/gems/actionpack-4.1.5/lib/action_dispatch/middleware/templates/routes/_table.html.erb (14.0ms)
  Rendered C:/RailsInstaller/Ruby1.9.3/lib/ruby/gems/1.9.1/gems/actionpack-4.1.5/lib/action_dispatch/middleware/templates/rescues/routing_error.html.erb within rescues/layout (105.0ms)


Started GET "/posts/1/comments" for 127.0.0.1 at 2014-08-24 15:12:55 +1000
Processing by CommentsController#index as HTML
  Parameters: {"post_id"=>"1"}
  [1m[35mComment Load (0.0ms)[0m  SELECT "comments".* FROM "comments"
  Rendered comments/index.html.erb within layouts/application (2.0ms)
Completed 200 OK in 40ms (Views: 7.0ms | ActiveRecord: 0.0ms)


Started GET "/assets/comments.css?body=1" for 127.0.0.1 at 2014-08-24 15:12:55 +1000


Started GET "/assets/scaffolds.css?body=1" for 127.0.0.1 at 2014-08-24 15:12:55 +1000


Started GET "/assets/application.css?body=1" for 127.0.0.1 at 2014-08-24 15:12:55 +1000


Started GET "/assets/jquery.js?body=1" for 127.0.0.1 at 2014-08-24 15:12:55 +1000


Started GET "/assets/posts.css?body=1" for 127.0.0.1 at 2014-08-24 15:12:55 +1000


Started GET "/assets/jquery_ujs.js?body=1" for 127.0.0.1 at 2014-08-24 15:12:55 +1000


Started GET "/assets/turbolinks.js?body=1" for 127.0.0.1 at 2014-08-24 15:12:55 +1000


Started GET "/assets/comments.js?body=1" for 127.0.0.1 at 2014-08-24 15:12:55 +1000


Started GET "/assets/posts.js?body=1" for 127.0.0.1 at 2014-08-24 15:12:55 +1000


Started GET "/assets/application.js?body=1" for 127.0.0.1 at 2014-08-24 15:12:55 +1000


Started GET "/comments/new" for 127.0.0.1 at 2014-08-24 15:14:02 +1000
Processing by CommentsController#new as HTML
  Rendered comments/_form.html.erb (45.0ms)
  Rendered comments/new.html.erb within layouts/application (48.0ms)
Completed 200 OK in 56ms (Views: 54.0ms | ActiveRecord: 1.0ms)


Started POST "/comments" for 127.0.0.1 at 2014-08-24 15:14:09 +1000
Processing by CommentsController#create as HTML
  Parameters: {"utf8"=>"✓", "authenticity_token"=>"vYwF2i+A494Th8dgvTj5YVyZJuZFbhF7xPoxa4K4kdg=", "comment"=>{"post_id"=>"1", "body"=>"Changed my life"}, "commit"=>"Create Comment"}
  [1m[36m (0.0ms)[0m  [1mbegin transaction[0m
  [1m[35mSQL (1.0ms)[0m  INSERT INTO "comments" ("body", "created_at", "post_id", "updated_at") VALUES (?, ?, ?, ?)  [["body", "Changed my life"], ["created_at", "2014-08-24 05:14:09.351340"], ["post_id", 1], ["updated_at", "2014-08-24 05:14:09.351340"]]
  [1m[36m (91.0ms)[0m  [1mcommit transaction[0m
Redirected to http://127.0.0.1:3000/comments/1
Completed 302 Found in 110ms (ActiveRecord: 92.0ms)


Started GET "/comments/1" for 127.0.0.1 at 2014-08-24 15:14:09 +1000
Processing by CommentsController#show as HTML
  Parameters: {"id"=>"1"}
  [1m[35mComment Load (0.0ms)[0m  SELECT  "comments".* FROM "comments"  WHERE "comments"."id" = ? LIMIT 1  [["id", 1]]
  Rendered comments/show.html.erb within layouts/application (1.0ms)
Completed 200 OK in 14ms (Views: 9.0ms | ActiveRecord: 0.0ms)


Started GET "/assets/comments.css?body=1" for 127.0.0.1 at 2014-08-24 15:14:09 +1000


Started GET "/assets/posts.css?body=1" for 127.0.0.1 at 2014-08-24 15:14:09 +1000


Started GET "/assets/scaffolds.css?body=1" for 127.0.0.1 at 2014-08-24 15:14:09 +1000


Started GET "/assets/application.css?body=1" for 127.0.0.1 at 2014-08-24 15:14:09 +1000


Started GET "/assets/jquery.js?body=1" for 127.0.0.1 at 2014-08-24 15:14:09 +1000


Started GET "/assets/jquery_ujs.js?body=1" for 127.0.0.1 at 2014-08-24 15:14:09 +1000


Started GET "/assets/turbolinks.js?body=1" for 127.0.0.1 at 2014-08-24 15:14:09 +1000


Started GET "/assets/comments.js?body=1" for 127.0.0.1 at 2014-08-24 15:14:09 +1000


Started GET "/assets/posts.js?body=1" for 127.0.0.1 at 2014-08-24 15:14:09 +1000


Started GET "/assets/application.js?body=1" for 127.0.0.1 at 2014-08-24 15:14:09 +1000


Started GET "/comments" for 127.0.0.1 at 2014-08-24 15:14:12 +1000
Processing by CommentsController#index as HTML
  [1m[36mComment Load (1.0ms)[0m  [1mSELECT "comments".* FROM "comments"[0m
  Rendered comments/index.html.erb within layouts/application (2.0ms)
Completed 200 OK in 8ms (Views: 7.0ms | ActiveRecord: 1.0ms)


Started GET "/comments/new" for 127.0.0.1 at 2014-08-24 15:14:14 +1000
Processing by CommentsController#new as HTML
  Rendered comments/_form.html.erb (5.0ms)
  Rendered comments/new.html.erb within layouts/application (10.0ms)
Completed 200 OK in 31ms (Views: 30.0ms | ActiveRecord: 0.0ms)


Started POST "/comments" for 127.0.0.1 at 2014-08-24 15:14:24 +1000
Processing by CommentsController#create as HTML
  Parameters: {"utf8"=>"✓", "authenticity_token"=>"vYwF2i+A494Th8dgvTj5YVyZJuZFbhF7xPoxa4K4kdg=", "comment"=>{"post_id"=>"1", "body"=>"Deep thoughts!"}, "commit"=>"Create Comment"}
  [1m[35m (0.0ms)[0m  begin transaction
  [1m[36mSQL (0.0ms)[0m  [1mINSERT INTO "comments" ("body", "created_at", "post_id", "updated_at") VALUES (?, ?, ?, ?)[0m  [["body", "Deep thoughts!"], ["created_at", "2014-08-24 05:14:24.680217"], ["post_id", 1], ["updated_at", "2014-08-24 05:14:24.680217"]]
  [1m[35m (86.0ms)[0m  commit transaction
Redirected to http://127.0.0.1:3000/comments/2
Completed 302 Found in 94ms (ActiveRecord: 86.0ms)


Started GET "/comments/2" for 127.0.0.1 at 2014-08-24 15:14:24 +1000
Processing by CommentsController#show as HTML
  Parameters: {"id"=>"2"}
  [1m[36mComment Load (0.0ms)[0m  [1mSELECT  "comments".* FROM "comments"  WHERE "comments"."id" = ? LIMIT 1[0m  [["id", 2]]
  Rendered comments/show.html.erb within layouts/application (1.0ms)
Completed 200 OK in 9ms (Views: 7.0ms | ActiveRecord: 0.0ms)


Started GET "/assets/posts.css?body=1" for 127.0.0.1 at 2014-08-24 15:14:24 +1000


Started GET "/assets/scaffolds.css?body=1" for 127.0.0.1 at 2014-08-24 15:14:24 +1000


Started GET "/assets/comments.css?body=1" for 127.0.0.1 at 2014-08-24 15:14:24 +1000


Started GET "/assets/application.css?body=1" for 127.0.0.1 at 2014-08-24 15:14:24 +1000


Started GET "/assets/jquery.js?body=1" for 127.0.0.1 at 2014-08-24 15:14:24 +1000


Started GET "/assets/jquery_ujs.js?body=1" for 127.0.0.1 at 2014-08-24 15:14:24 +1000


Started GET "/assets/turbolinks.js?body=1" for 127.0.0.1 at 2014-08-24 15:14:24 +1000


Started GET "/assets/comments.js?body=1" for 127.0.0.1 at 2014-08-24 15:14:24 +1000


Started GET "/assets/posts.js?body=1" for 127.0.0.1 at 2014-08-24 15:14:24 +1000


Started GET "/assets/application.js?body=1" for 127.0.0.1 at 2014-08-24 15:14:24 +1000


Started GET "/comments" for 127.0.0.1 at 2014-08-24 15:14:27 +1000
Processing by CommentsController#index as HTML
  [1m[35mComment Load (1.0ms)[0m  SELECT "comments".* FROM "comments"
  Rendered comments/index.html.erb within layouts/application (5.0ms)
Completed 200 OK in 28ms (Views: 25.0ms | ActiveRecord: 1.0ms)


Started GET "/posts" for 127.0.0.1 at 2014-08-24 15:14:32 +1000
Processing by PostsController#index as HTML
  [1m[36mPost Load (0.0ms)[0m  [1mSELECT "posts".* FROM "posts"[0m
  Rendered posts/index.html.erb within layouts/application (2.0ms)
Completed 200 OK in 10ms (Views: 10.0ms | ActiveRecord: 0.0ms)


Started GET "/assets/comments.css?body=1" for 127.0.0.1 at 2014-08-24 15:14:32 +1000


Started GET "/assets/posts.css?body=1" for 127.0.0.1 at 2014-08-24 15:14:32 +1000


Started GET "/assets/scaffolds.css?body=1" for 127.0.0.1 at 2014-08-24 15:14:32 +1000


Started GET "/assets/application.css?body=1" for 127.0.0.1 at 2014-08-24 15:14:32 +1000


Started GET "/assets/jquery.js?body=1" for 127.0.0.1 at 2014-08-24 15:14:32 +1000


Started GET "/assets/jquery_ujs.js?body=1" for 127.0.0.1 at 2014-08-24 15:14:32 +1000


Started GET "/assets/turbolinks.js?body=1" for 127.0.0.1 at 2014-08-24 15:14:32 +1000


Started GET "/assets/comments.js?body=1" for 127.0.0.1 at 2014-08-24 15:14:32 +1000


Started GET "/assets/posts.js?body=1" for 127.0.0.1 at 2014-08-24 15:14:32 +1000


Started GET "/assets/application.js?body=1" for 127.0.0.1 at 2014-08-24 15:14:32 +1000


Started GET "/posts/1/comments" for 127.0.0.1 at 2014-08-24 15:14:44 +1000
Processing by CommentsController#index as HTML
  Parameters: {"post_id"=>"1"}
  [1m[35mComment Load (0.0ms)[0m  SELECT "comments".* FROM "comments"
  Rendered comments/index.html.erb within layouts/application (2.0ms)
Completed 200 OK in 8ms (Views: 7.0ms | ActiveRecord: 0.0ms)


Started GET "/assets/comments.css?body=1" for 127.0.0.1 at 2014-08-24 15:14:44 +1000


Started GET "/assets/jquery.js?body=1" for 127.0.0.1 at 2014-08-24 15:14:44 +1000


Started GET "/assets/scaffolds.css?body=1" for 127.0.0.1 at 2014-08-24 15:14:44 +1000


Started GET "/assets/posts.css?body=1" for 127.0.0.1 at 2014-08-24 15:14:44 +1000


Started GET "/assets/application.css?body=1" for 127.0.0.1 at 2014-08-24 15:14:44 +1000


Started GET "/assets/jquery_ujs.js?body=1" for 127.0.0.1 at 2014-08-24 15:14:44 +1000


Started GET "/assets/turbolinks.js?body=1" for 127.0.0.1 at 2014-08-24 15:14:44 +1000


Started GET "/assets/comments.js?body=1" for 127.0.0.1 at 2014-08-24 15:14:44 +1000


Started GET "/assets/posts.js?body=1" for 127.0.0.1 at 2014-08-24 15:14:44 +1000


Started GET "/assets/application.js?body=1" for 127.0.0.1 at 2014-08-24 15:14:44 +1000
  [1m[36mPost Load (14.0ms)[0m  [1mSELECT "posts".* FROM "posts"[0m
  [1m[35mComment Load (0.0ms)[0m  SELECT "comments".* FROM "comments"
  [1m[36mComment Load (1.0ms)[0m  [1mSELECT "comments".* FROM "comments"  WHERE "comments"."post_id" = ?[0m  [["post_id", 1]]
  [1m[35mPost Load (0.0ms)[0m  SELECT  "posts".* FROM "posts"  WHERE "posts"."id" = ? LIMIT 1  [["id", 1]]


Started GET "/posts" for 127.0.0.1 at 2014-09-14 21:57:59 +1000
  [1m[36mActiveRecord::SchemaMigration Load (0.0ms)[0m  [1mSELECT "schema_migrations".* FROM "schema_migrations"[0m
Processing by PostsController#index as HTML
  [1m[35mPost Load (0.0ms)[0m  SELECT "posts".* FROM "posts"
  Rendered posts/index.html.erb within layouts/application (14.0ms)
Completed 200 OK in 399ms (Views: 357.0ms | ActiveRecord: 0.0ms)


Started GET "/assets/posts.css?body=1" for 127.0.0.1 at 2014-09-14 21:58:00 +1000


Started GET "/assets/scaffolds.css?body=1" for 127.0.0.1 at 2014-09-14 21:58:00 +1000


Started GET "/assets/comments.css?body=1" for 127.0.0.1 at 2014-09-14 21:58:00 +1000


Started GET "/assets/jquery.js?body=1" for 127.0.0.1 at 2014-09-14 21:58:00 +1000


Started GET "/assets/application.css?body=1" for 127.0.0.1 at 2014-09-14 21:58:00 +1000


Started GET "/assets/jquery_ujs.js?body=1" for 127.0.0.1 at 2014-09-14 21:58:00 +1000


Started GET "/assets/turbolinks.js?body=1" for 127.0.0.1 at 2014-09-14 21:58:00 +1000


Started GET "/assets/posts.js?body=1" for 127.0.0.1 at 2014-09-14 21:58:00 +1000


Started GET "/assets/comments.js?body=1" for 127.0.0.1 at 2014-09-14 21:58:00 +1000


Started GET "/assets/application.js?body=1" for 127.0.0.1 at 2014-09-14 21:58:00 +1000


Started GET "/posts/1" for 127.0.0.1 at 2014-09-14 21:58:11 +1000
Processing by PostsController#show as HTML
  Parameters: {"id"=>"1"}
  [1m[36mPost Load (0.0ms)[0m  [1mSELECT  "posts".* FROM "posts"  WHERE "posts"."id" = ? LIMIT 1[0m  [["id", 1]]
  Rendered posts/show.html.erb within layouts/application (2.0ms)
Completed 200 OK in 14ms (Views: 10.0ms | ActiveRecord: 0.0ms)


Started GET "/posts/1/comments" for 127.0.0.1 at 2014-09-14 21:58:18 +1000
Processing by CommentsController#index as HTML
  Parameters: {"post_id"=>"1"}
  [1m[35mComment Load (0.0ms)[0m  SELECT "comments".* FROM "comments"
  Rendered comments/index.html.erb within layouts/application (9.0ms)
Completed 200 OK in 44ms (Views: 25.0ms | ActiveRecord: 0.0ms)


Started GET "/posts/new" for 127.0.0.1 at 2014-09-14 21:58:23 +1000
Processing by PostsController#new as HTML
  Rendered posts/_form.html.erb (126.0ms)
  Rendered posts/new.html.erb within layouts/application (205.0ms)
Completed 200 OK in 217ms (Views: 216.0ms | ActiveRecord: 0.0ms)


Started POST "/posts" for 127.0.0.1 at 2014-09-14 21:58:37 +1000
Processing by PostsController#create as HTML
  Parameters: {"utf8"=>"✓", "authenticity_token"=>"bUvE1+GPwythvjXNB3s01YH4eKEBU1aX9HErfrX5jYI=", "post"=>{"title"=>"My Second Post", "body"=>"This is hard work!"}, "commit"=>"Create Post"}
  [1m[36m (0.0ms)[0m  [1mbegin transaction[0m
  [1m[35mSQL (1.0ms)[0m  INSERT INTO "posts" ("body", "created_at", "title", "updated_at") VALUES (?, ?, ?, ?)  [["body", "This is hard work!"], ["created_at", "2014-09-14 11:58:37.346921"], ["title", "My Second Post"], ["updated_at", "2014-09-14 11:58:37.346921"]]
  [1m[36m (121.0ms)[0m  [1mcommit transaction[0m
Redirected to http://localhost:3000/posts/3
Completed 302 Found in 139ms (ActiveRecord: 122.0ms)


Started GET "/posts/3" for 127.0.0.1 at 2014-09-14 21:58:37 +1000
Processing by PostsController#show as HTML
  Parameters: {"id"=>"3"}
  [1m[35mPost Load (0.0ms)[0m  SELECT  "posts".* FROM "posts"  WHERE "posts"."id" = ? LIMIT 1  [["id", 3]]
  Rendered posts/show.html.erb within layouts/application (1.0ms)
Completed 200 OK in 12ms (Views: 8.0ms | ActiveRecord: 0.0ms)


Started GET "/posts/2/comments" for 127.0.0.1 at 2014-09-14 21:58:47 +1000
Processing by CommentsController#index as HTML
  Parameters: {"post_id"=>"2"}
  [1m[36mComment Load (0.0ms)[0m  [1mSELECT "comments".* FROM "comments"[0m
  Rendered comments/index.html.erb within layouts/application (13.0ms)
Completed 200 OK in 22ms (Views: 20.0ms | ActiveRecord: 0.0ms)


Started GET "/posts" for 127.0.0.1 at 2014-09-14 21:59:05 +1000
Processing by PostsController#index as HTML
  [1m[35mPost Load (0.0ms)[0m  SELECT "posts".* FROM "posts"
  Rendered posts/index.html.erb within layouts/application (3.0ms)
Completed 200 OK in 12ms (Views: 11.0ms | ActiveRecord: 0.0ms)


Started GET "/posts/1" for 127.0.0.1 at 2014-09-14 21:59:09 +1000
Processing by PostsController#show as HTML
  Parameters: {"id"=>"1"}
  [1m[36mPost Load (0.0ms)[0m  [1mSELECT  "posts".* FROM "posts"  WHERE "posts"."id" = ? LIMIT 1[0m  [["id", 1]]
  Rendered posts/show.html.erb within layouts/application (1.0ms)
Completed 200 OK in 12ms (Views: 10.0ms | ActiveRecord: 0.0ms)


Started GET "/posts/1" for 127.0.0.1 at 2014-09-14 22:05:06 +1000
Processing by PostsController#show as HTML
  Parameters: {"id"=>"1"}
  [1m[35mPost Load (0.0ms)[0m  SELECT  "posts".* FROM "posts"  WHERE "posts"."id" = ? LIMIT 1  [["id", 1]]
  Rendered posts/show.html.erb within layouts/application (0.0ms)
Completed 200 OK in 17ms (Views: 7.0ms | ActiveRecord: 1.0ms)


Started GET "/posts/1" for 127.0.0.1 at 2014-09-14 22:05:13 +1000
Processing by PostsController#show as HTML
  Parameters: {"id"=>"1"}
  [1m[36mPost Load (0.0ms)[0m  [1mSELECT  "posts".* FROM "posts"  WHERE "posts"."id" = ? LIMIT 1[0m  [["id", 1]]
  Rendered posts/show.html.erb within layouts/application (1.0ms)
Completed 200 OK in 11ms (Views: 9.0ms | ActiveRecord: 0.0ms)


Started GET "/posts/1/edit" for 127.0.0.1 at 2014-09-14 22:09:22 +1000
Processing by PostsController#edit as HTML
  Parameters: {"id"=>"1"}
  [1m[35mPost Load (1.0ms)[0m  SELECT  "posts".* FROM "posts"  WHERE "posts"."id" = ? LIMIT 1  [["id", 1]]
Filter chain halted as :authenticate rendered or redirected
Completed 401 Unauthorized in 10ms (ActiveRecord: 2.0ms)


Started GET "/posts/1/edit" for 127.0.0.1 at 2014-09-14 22:09:28 +1000
Processing by PostsController#edit as HTML
  Parameters: {"id"=>"1"}
  [1m[36mPost Load (0.0ms)[0m  [1mSELECT  "posts".* FROM "posts"  WHERE "posts"."id" = ? LIMIT 1[0m  [["id", 1]]
Completed 500 Internal Server Error in 7ms

NameError (undefined local variable or method `name' for #<PostsController:0x54049c8>):
  app/controllers/posts_controller.rb:77:in `block in authenticate'
  app/controllers/posts_controller.rb:77:in `authenticate'


  Rendered C:/RailsInstaller/Ruby1.9.3/lib/ruby/gems/1.9.1/gems/actionpack-4.1.5/lib/action_dispatch/middleware/templates/rescues/_source.erb (0.0ms)
  Rendered C:/RailsInstaller/Ruby1.9.3/lib/ruby/gems/1.9.1/gems/actionpack-4.1.5/lib/action_dispatch/middleware/templates/rescues/_trace.html.erb (1.0ms)
  Rendered C:/RailsInstaller/Ruby1.9.3/lib/ruby/gems/1.9.1/gems/actionpack-4.1.5/lib/action_dispatch/middleware/templates/rescues/_request_and_response.html.erb (1.0ms)
  Rendered C:/RailsInstaller/Ruby1.9.3/lib/ruby/gems/1.9.1/gems/actionpack-4.1.5/lib/action_dispatch/middleware/templates/rescues/diagnostics.erb within rescues/layout (86.0ms)


Started GET "/posts/1/edit" for 127.0.0.1 at 2014-09-14 22:09:28 +1000
Processing by PostsController#edit as HTML
  Parameters: {"id"=>"1"}
  [1m[35mPost Load (0.0ms)[0m  SELECT  "posts".* FROM "posts"  WHERE "posts"."id" = ? LIMIT 1  [["id", 1]]
Completed 500 Internal Server Error in 5ms

NameError (undefined local variable or method `name' for #<PostsController:0x538d490>):
  app/controllers/posts_controller.rb:77:in `block in authenticate'
  app/controllers/posts_controller.rb:77:in `authenticate'


  Rendered C:/RailsInstaller/Ruby1.9.3/lib/ruby/gems/1.9.1/gems/actionpack-4.1.5/lib/action_dispatch/middleware/templates/rescues/_source.erb (0.0ms)
  Rendered C:/RailsInstaller/Ruby1.9.3/lib/ruby/gems/1.9.1/gems/actionpack-4.1.5/lib/action_dispatch/middleware/templates/rescues/_trace.html.erb (1.0ms)
  Rendered C:/RailsInstaller/Ruby1.9.3/lib/ruby/gems/1.9.1/gems/actionpack-4.1.5/lib/action_dispatch/middleware/templates/rescues/_request_and_response.html.erb (1.0ms)
  Rendered C:/RailsInstaller/Ruby1.9.3/lib/ruby/gems/1.9.1/gems/actionpack-4.1.5/lib/action_dispatch/middleware/templates/rescues/diagnostics.erb within rescues/layout (35.0ms)


Started GET "/posts/" for 127.0.0.1 at 2014-09-14 22:18:15 +1000
  [1m[36mActiveRecord::SchemaMigration Load (0.0ms)[0m  [1mSELECT "schema_migrations".* FROM "schema_migrations"[0m
Processing by PostsController#index as HTML
  [1m[35mPost Load (0.0ms)[0m  SELECT "posts".* FROM "posts"
  Rendered posts/index.html.erb within layouts/application (32.0ms)
Completed 200 OK in 132ms (Views: 107.0ms | ActiveRecord: 0.0ms)


Started GET "/posts/" for 127.0.0.1 at 2014-09-14 22:18:20 +1000
Processing by PostsController#index as HTML
  [1m[36mPost Load (1.0ms)[0m  [1mSELECT "posts".* FROM "posts"[0m
  Rendered posts/index.html.erb within layouts/application (2.0ms)
Completed 200 OK in 9ms (Views: 8.0ms | ActiveRecord: 1.0ms)


Started GET "/posts/1" for 127.0.0.1 at 2014-09-14 22:18:21 +1000
Processing by PostsController#show as HTML
  Parameters: {"id"=>"1"}
  [1m[35mPost Load (1.0ms)[0m  SELECT  "posts".* FROM "posts"  WHERE "posts"."id" = ? LIMIT 1  [["id", 1]]
  [1m[36mComment Load (0.0ms)[0m  [1mSELECT "comments".* FROM "comments"  WHERE "comments"."post_id" = ?[0m  [["post_id", 1]]
  Rendered posts/show.html.erb within layouts/application (120.0ms)
Completed 200 OK in 139ms (Views: 131.0ms | ActiveRecord: 2.0ms)


Started GET "/posts/1" for 127.0.0.1 at 2014-09-14 22:19:12 +1000
Processing by PostsController#show as HTML
  Parameters: {"id"=>"1"}
  [1m[35mPost Load (0.0ms)[0m  SELECT  "posts".* FROM "posts"  WHERE "posts"."id" = ? LIMIT 1  [["id", 1]]
  [1m[36mComment Load (0.0ms)[0m  [1mSELECT "comments".* FROM "comments"  WHERE "comments"."post_id" = ?[0m  [["post_id", 1]]
  Rendered posts/show.html.erb within layouts/application (6.0ms)
Completed 200 OK in 17ms (Views: 14.0ms | ActiveRecord: 0.0ms)


Started POST "/posts/1/comments" for 127.0.0.1 at 2014-09-14 22:19:57 +1000
Processing by CommentsController#create as HTML
  Parameters: {"utf8"=>"✓", "authenticity_token"=>"bUvE1+GPwythvjXNB3s01YH4eKEBU1aX9HErfrX5jYI=", "comment"=>{"body"=>"Keep them coming!"}, "commit"=>"Add Comment", "post_id"=>"1"}
  [1m[35mPost Load (1.0ms)[0m  SELECT  "posts".* FROM "posts"  WHERE "posts"."id" = ? LIMIT 1  [["id", 1]]
  [1m[36m (0.0ms)[0m  [1mbegin transaction[0m
  [1m[35mSQL (1.0ms)[0m  INSERT INTO "comments" ("body", "created_at", "post_id", "updated_at") VALUES (?, ?, ?, ?)  [["body", "Keep them coming!"], ["created_at", "2014-09-14 12:19:57.407136"], ["post_id", 1], ["updated_at", "2014-09-14 12:19:57.407136"]]
  [1m[36m (77.0ms)[0m  [1mcommit transaction[0m
  [1m[35m (0.0ms)[0m  begin transaction
  [1m[36m (0.0ms)[0m  [1mcommit transaction[0m
Redirected to http://localhost:3000/posts/1
Completed 302 Found in 126ms (ActiveRecord: 79.0ms)


Started GET "/posts/1" for 127.0.0.1 at 2014-09-14 22:19:57 +1000
Processing by PostsController#show as HTML
  Parameters: {"id"=>"1"}
  [1m[35mPost Load (0.0ms)[0m  SELECT  "posts".* FROM "posts"  WHERE "posts"."id" = ? LIMIT 1  [["id", 1]]
  [1m[36mComment Load (1.0ms)[0m  [1mSELECT "comments".* FROM "comments"  WHERE "comments"."post_id" = ?[0m  [["post_id", 1]]
  Rendered posts/show.html.erb within layouts/application (5.0ms)
Completed 200 OK in 16ms (Views: 13.0ms | ActiveRecord: 1.0ms)


Started GET "/posts/" for 127.0.0.1 at 2014-09-14 22:20:28 +1000
Processing by PostsController#index as HTML
  [1m[35mPost Load (0.0ms)[0m  SELECT "posts".* FROM "posts"
  Rendered posts/index.html.erb within layouts/application (3.0ms)
Completed 200 OK in 14ms (Views: 12.0ms | ActiveRecord: 0.0ms)


Started GET "/posts/1/edit" for 127.0.0.1 at 2014-09-14 22:20:52 +1000
Processing by PostsController#edit as HTML
  Parameters: {"id"=>"1"}
  [1m[36mPost Load (0.0ms)[0m  [1mSELECT  "posts".* FROM "posts"  WHERE "posts"."id" = ? LIMIT 1[0m  [["id", 1]]
Completed 500 Internal Server Error in 7ms

NameError (undefined local variable or method `name' for #<PostsController:0x2df0a20>):
  app/controllers/posts_controller.rb:77:in `block in authenticate'
  app/controllers/posts_controller.rb:77:in `authenticate'


  Rendered C:/RailsInstaller/Ruby1.9.3/lib/ruby/gems/1.9.1/gems/actionpack-4.1.5/lib/action_dispatch/middleware/templates/rescues/_source.erb (1.0ms)
  Rendered C:/RailsInstaller/Ruby1.9.3/lib/ruby/gems/1.9.1/gems/actionpack-4.1.5/lib/action_dispatch/middleware/templates/rescues/_trace.html.erb (1.0ms)
  Rendered C:/RailsInstaller/Ruby1.9.3/lib/ruby/gems/1.9.1/gems/actionpack-4.1.5/lib/action_dispatch/middleware/templates/rescues/_request_and_response.html.erb (1.0ms)
  Rendered C:/RailsInstaller/Ruby1.9.3/lib/ruby/gems/1.9.1/gems/actionpack-4.1.5/lib/action_dispatch/middleware/templates/rescues/diagnostics.erb within rescues/layout (36.0ms)


Started GET "/posts/1/edit" for 127.0.0.1 at 2014-09-14 22:20:52 +1000
Processing by PostsController#edit as HTML
  Parameters: {"id"=>"1"}
  [1m[35mPost Load (0.0ms)[0m  SELECT  "posts".* FROM "posts"  WHERE "posts"."id" = ? LIMIT 1  [["id", 1]]
Completed 500 Internal Server Error in 5ms

NameError (undefined local variable or method `name' for #<PostsController:0x52a6580>):
  app/controllers/posts_controller.rb:77:in `block in authenticate'
  app/controllers/posts_controller.rb:77:in `authenticate'


  Rendered C:/RailsInstaller/Ruby1.9.3/lib/ruby/gems/1.9.1/gems/actionpack-4.1.5/lib/action_dispatch/middleware/templates/rescues/_source.erb (0.0ms)
  Rendered C:/RailsInstaller/Ruby1.9.3/lib/ruby/gems/1.9.1/gems/actionpack-4.1.5/lib/action_dispatch/middleware/templates/rescues/_trace.html.erb (2.0ms)
  Rendered C:/RailsInstaller/Ruby1.9.3/lib/ruby/gems/1.9.1/gems/actionpack-4.1.5/lib/action_dispatch/middleware/templates/rescues/_request_and_response.html.erb (1.0ms)
  Rendered C:/RailsInstaller/Ruby1.9.3/lib/ruby/gems/1.9.1/gems/actionpack-4.1.5/lib/action_dispatch/middleware/templates/rescues/diagnostics.erb within rescues/layout (38.0ms)


Started GET "/posts/1/edit" for 127.0.0.1 at 2014-09-14 22:21:53 +1000
Processing by PostsController#edit as HTML
  Parameters: {"id"=>"1"}
  [1m[36mPost Load (0.0ms)[0m  [1mSELECT  "posts".* FROM "posts"  WHERE "posts"."id" = ? LIMIT 1[0m  [["id", 1]]
  Rendered posts/_form.html.erb (7.0ms)
  Rendered posts/edit.html.erb within layouts/application (14.0ms)
Completed 200 OK in 35ms (Views: 22.0ms | ActiveRecord: 1.0ms)


Started GET "/posts" for 127.0.0.1 at 2014-09-14 22:22:32 +1000
Processing by PostsController#index as HTML
  [1m[35mPost Load (0.0ms)[0m  SELECT "posts".* FROM "posts"
  Rendered posts/index.html.erb within layouts/application (3.0ms)
Completed 200 OK in 13ms (Views: 12.0ms | ActiveRecord: 0.0ms)


Started GET "/posts/1/edit" for 127.0.0.1 at 2014-09-14 22:22:34 +1000
Processing by PostsController#edit as HTML
  Parameters: {"id"=>"1"}
  [1m[36mPost Load (1.0ms)[0m  [1mSELECT  "posts".* FROM "posts"  WHERE "posts"."id" = ? LIMIT 1[0m  [["id", 1]]
  Rendered posts/_form.html.erb (9.0ms)
  Rendered posts/edit.html.erb within layouts/application (16.0ms)
Completed 200 OK in 42ms (Views: 37.0ms | ActiveRecord: 1.0ms)


Started GET "/posts" for 127.0.0.1 at 2014-09-14 22:22:36 +1000
Processing by PostsController#index as HTML
  [1m[35mPost Load (0.0ms)[0m  SELECT "posts".* FROM "posts"
  Rendered posts/index.html.erb within layouts/application (3.0ms)
Completed 200 OK in 12ms (Views: 11.0ms | ActiveRecord: 0.0ms)


Started GET "/posts/3/edit" for 127.0.0.1 at 2014-09-14 22:22:37 +1000
Processing by PostsController#edit as HTML
  Parameters: {"id"=>"3"}
  [1m[36mPost Load (0.0ms)[0m  [1mSELECT  "posts".* FROM "posts"  WHERE "posts"."id" = ? LIMIT 1[0m  [["id", 3]]
Filter chain halted as :authenticate rendered or redirected
Completed 401 Unauthorized in 6ms (ActiveRecord: 0.0ms)


Started GET "/posts/3/edit" for 127.0.0.1 at 2014-09-14 22:22:37 +1000
Processing by PostsController#edit as HTML
  Parameters: {"id"=>"3"}
  [1m[35mPost Load (0.0ms)[0m  SELECT  "posts".* FROM "posts"  WHERE "posts"."id" = ? LIMIT 1  [["id", 3]]
  Rendered posts/_form.html.erb (2.0ms)
  Rendered posts/edit.html.erb within layouts/application (5.0ms)
Completed 200 OK in 13ms (Views: 10.0ms | ActiveRecord: 0.0ms)


Started GET "/posts" for 127.0.0.1 at 2014-09-14 22:22:38 +1000
Processing by PostsController#index as HTML
  [1m[36mPost Load (1.0ms)[0m  [1mSELECT "posts".* FROM "posts"[0m
  Rendered posts/index.html.erb within layouts/application (6.0ms)
Completed 200 OK in 21ms (Views: 19.0ms | ActiveRecord: 1.0ms)


Started GET "/posts" for 127.0.0.1 at 2014-09-16 19:44:44 +1000
  [1m[36mActiveRecord::SchemaMigration Load (0.0ms)[0m  [1mSELECT "schema_migrations".* FROM "schema_migrations"[0m
Processing by PostsController#index as HTML
  [1m[35mPost Load (0.0ms)[0m  SELECT "posts".* FROM "posts"
  Rendered posts/index.html.erb within layouts/application (13.0ms)
Completed 200 OK in 589ms (Views: 523.0ms | ActiveRecord: 0.0ms)


Started GET "/assets/comments.css?body=1" for 127.0.0.1 at 2014-09-16 19:44:45 +1000


Started GET "/assets/scaffolds.css?body=1" for 127.0.0.1 at 2014-09-16 19:44:45 +1000


Started GET "/assets/posts.css?body=1" for 127.0.0.1 at 2014-09-16 19:44:45 +1000


Started GET "/assets/jquery.js?body=1" for 127.0.0.1 at 2014-09-16 19:44:46 +1000


Started GET "/assets/application.css?body=1" for 127.0.0.1 at 2014-09-16 19:44:46 +1000


Started GET "/assets/jquery_ujs.js?body=1" for 127.0.0.1 at 2014-09-16 19:44:46 +1000


Started GET "/assets/turbolinks.js?body=1" for 127.0.0.1 at 2014-09-16 19:44:46 +1000


Started GET "/assets/comments.js?body=1" for 127.0.0.1 at 2014-09-16 19:44:46 +1000


Started GET "/assets/posts.js?body=1" for 127.0.0.1 at 2014-09-16 19:44:46 +1000


Started GET "/assets/application.js?body=1" for 127.0.0.1 at 2014-09-16 19:44:46 +1000


Started GET "/posts/1" for 127.0.0.1 at 2014-09-16 19:44:49 +1000
Processing by PostsController#show as HTML
  Parameters: {"id"=>"1"}
  [1m[36mPost Load (0.0ms)[0m  [1mSELECT  "posts".* FROM "posts"  WHERE "posts"."id" = ? LIMIT 1[0m  [["id", 1]]
  [1m[35mComment Load (0.0ms)[0m  SELECT "comments".* FROM "comments"  WHERE "comments"."post_id" = ?  [["post_id", 1]]
  Rendered posts/show.html.erb within layouts/application (295.0ms)
Completed 200 OK in 306ms (Views: 302.0ms | ActiveRecord: 0.0ms)


Started POST "/posts/1/comments" for 127.0.0.1 at 2014-09-16 19:45:01 +1000
Processing by CommentsController#create as JS
  Parameters: {"utf8"=>"✓", "comment"=>{"body"=>"Added using Ajax"}, "commit"=>"Add Comment", "post_id"=>"1"}
  [1m[36mPost Load (0.0ms)[0m  [1mSELECT  "posts".* FROM "posts"  WHERE "posts"."id" = ? LIMIT 1[0m  [["id", 1]]
  [1m[35m (0.0ms)[0m  begin transaction
  [1m[36mSQL (17.0ms)[0m  [1mINSERT INTO "comments" ("body", "created_at", "post_id", "updated_at") VALUES (?, ?, ?, ?)[0m  [["body", "Added using Ajax"], ["created_at", "2014-09-16 09:45:01.344316"], ["post_id", 1], ["updated_at", "2014-09-16 09:45:01.344316"]]
  [1m[35m (70.0ms)[0m  commit transaction
  [1m[36m (0.0ms)[0m  [1mbegin transaction[0m
  [1m[35m (0.0ms)[0m  commit transaction
  Rendered comments/_comment.html.erb (1.0ms)
  Rendered comments/create.js.erb (76.0ms)
Completed 200 OK in 185ms (Views: 87.0ms | ActiveRecord: 87.0ms)


Started POST "/posts/1/comments" for 127.0.0.1 at 2014-09-16 19:45:33 +1000
Processing by CommentsController#create as JS
  Parameters: {"utf8"=>"✓", "comment"=>{"body"=>"Added using Ajax"}, "commit"=>"Add Comment", "post_id"=>"1"}
  [1m[36mPost Load (0.0ms)[0m  [1mSELECT  "posts".* FROM "posts"  WHERE "posts"."id" = ? LIMIT 1[0m  [["id", 1]]
  [1m[35m (0.0ms)[0m  begin transaction
  [1m[36mSQL (1.0ms)[0m  [1mINSERT INTO "comments" ("body", "created_at", "post_id", "updated_at") VALUES (?, ?, ?, ?)[0m  [["body", "Added using Ajax"], ["created_at", "2014-09-16 09:45:33.369148"], ["post_id", 1], ["updated_at", "2014-09-16 09:45:33.369148"]]
  [1m[35m (77.0ms)[0m  commit transaction
  [1m[36m (0.0ms)[0m  [1mbegin transaction[0m
  [1m[35m (1.0ms)[0m  commit transaction
  Rendered comments/_comment.html.erb (1.0ms)
  Rendered comments/create.js.erb (6.0ms)
Completed 200 OK in 108ms (Views: 19.0ms | ActiveRecord: 79.0ms)


Started POST "/posts/1/comments" for 127.0.0.1 at 2014-09-16 19:46:22 +1000
Processing by CommentsController#create as JS
  Parameters: {"utf8"=>"✓", "comment"=>{"body"=>"A"}, "commit"=>"Add Comment", "post_id"=>"1"}
  [1m[36mPost Load (0.0ms)[0m  [1mSELECT  "posts".* FROM "posts"  WHERE "posts"."id" = ? LIMIT 1[0m  [["id", 1]]
  [1m[35m (0.0ms)[0m  begin transaction
  [1m[36mSQL (1.0ms)[0m  [1mINSERT INTO "comments" ("body", "created_at", "post_id", "updated_at") VALUES (?, ?, ?, ?)[0m  [["body", "A"], ["created_at", "2014-09-16 09:46:22.418953"], ["post_id", 1], ["updated_at", "2014-09-16 09:46:22.418953"]]
  [1m[35m (75.0ms)[0m  commit transaction
  [1m[36m (0.0ms)[0m  [1mbegin transaction[0m
  [1m[35m (0.0ms)[0m  commit transaction
  Rendered comments/_comment.html.erb (1.0ms)
  Rendered comments/create.js.erb (2.0ms)
Completed 200 OK in 134ms (Views: 7.0ms | ActiveRecord: 76.0ms)


Started GET "/posts/1" for 127.0.0.1 at 2014-09-16 19:46:34 +1000
Processing by PostsController#show as HTML
  Parameters: {"id"=>"1"}
  [1m[36mPost Load (0.0ms)[0m  [1mSELECT  "posts".* FROM "posts"  WHERE "posts"."id" = ? LIMIT 1[0m  [["id", 1]]
  [1m[35mComment Load (0.0ms)[0m  SELECT "comments".* FROM "comments"  WHERE "comments"."post_id" = ?  [["post_id", 1]]
  Rendered posts/show.html.erb within layouts/application (7.0ms)
Completed 200 OK in 16ms (Views: 13.0ms | ActiveRecord: 0.0ms)


Started GET "/assets/jquery.js?body=1" for 127.0.0.1 at 2014-09-16 19:46:34 +1000


Started GET "/posts/1/edit" for 127.0.0.1 at 2014-09-16 19:46:45 +1000
Processing by PostsController#edit as HTML
  Parameters: {"id"=>"1"}
  [1m[36mPost Load (0.0ms)[0m  [1mSELECT  "posts".* FROM "posts"  WHERE "posts"."id" = ? LIMIT 1[0m  [["id", 1]]
Filter chain halted as :authenticate rendered or redirected
Completed 401 Unauthorized in 6ms (ActiveRecord: 0.0ms)


Started GET "/posts/1/edit" for 127.0.0.1 at 2014-09-16 19:46:54 +1000
Processing by PostsController#edit as HTML
  Parameters: {"id"=>"1"}
  [1m[35mPost Load (1.0ms)[0m  SELECT  "posts".* FROM "posts"  WHERE "posts"."id" = ? LIMIT 1  [["id", 1]]
  Rendered posts/_form.html.erb (13.0ms)
  Rendered posts/edit.html.erb within layouts/application (21.0ms)
Completed 200 OK in 34ms (Views: 31.0ms | ActiveRecord: 1.0ms)


Started GET "/posts" for 127.0.0.1 at 2014-09-16 19:46:57 +1000
Processing by PostsController#index as HTML
  [1m[36mPost Load (0.0ms)[0m  [1mSELECT "posts".* FROM "posts"[0m
  Rendered posts/index.html.erb within layouts/application (3.0ms)
Completed 200 OK in 14ms (Views: 12.0ms | ActiveRecord: 0.0ms)


Started GET "/posts/1/edit" for 127.0.0.1 at 2014-09-16 19:47:00 +1000
Processing by PostsController#edit as HTML
  Parameters: {"id"=>"1"}
  [1m[35mPost Load (0.0ms)[0m  SELECT  "posts".* FROM "posts"  WHERE "posts"."id" = ? LIMIT 1  [["id", 1]]
  Rendered posts/_form.html.erb (7.0ms)
  Rendered posts/edit.html.erb within layouts/application (13.0ms)
Completed 200 OK in 36ms (Views: 31.0ms | ActiveRecord: 0.0ms)


Started GET "/posts" for 127.0.0.1 at 2014-09-16 19:47:01 +1000
Processing by PostsController#index as HTML
  [1m[36mPost Load (0.0ms)[0m  [1mSELECT "posts".* FROM "posts"[0m
  Rendered posts/index.html.erb within layouts/application (5.0ms)
Completed 200 OK in 27ms (Views: 26.0ms | ActiveRecord: 0.0ms)


Started GET "/posts/1" for 127.0.0.1 at 2014-09-16 19:47:03 +1000
Processing by PostsController#show as HTML
  Parameters: {"id"=>"1"}
  [1m[35mPost Load (0.0ms)[0m  SELECT  "posts".* FROM "posts"  WHERE "posts"."id" = ? LIMIT 1  [["id", 1]]
  [1m[36mComment Load (0.0ms)[0m  [1mSELECT "comments".* FROM "comments"  WHERE "comments"."post_id" = ?[0m  [["post_id", 1]]
  Rendered posts/show.html.erb within layouts/application (7.0ms)
Completed 200 OK in 23ms (Views: 20.0ms | ActiveRecord: 0.0ms)


Started GET "/posts/1/edit" for 127.0.0.1 at 2014-09-16 19:47:09 +1000
Processing by PostsController#edit as HTML
  Parameters: {"id"=>"1"}
  [1m[35mPost Load (0.0ms)[0m  SELECT  "posts".* FROM "posts"  WHERE "posts"."id" = ? LIMIT 1  [["id", 1]]
  Rendered posts/_form.html.erb (2.0ms)
  Rendered posts/edit.html.erb within layouts/application (5.0ms)
Completed 200 OK in 15ms (Views: 13.0ms | ActiveRecord: 0.0ms)


Started GET "/posts" for 127.0.0.1 at 2014-09-16 19:47:12 +1000
Processing by PostsController#index as HTML
  [1m[36mPost Load (1.0ms)[0m  [1mSELECT "posts".* FROM "posts"[0m
  Rendered posts/index.html.erb within layouts/application (6.0ms)
Completed 200 OK in 23ms (Views: 21.0ms | ActiveRecord: 1.0ms)


Started GET "/posts/1/edit" for 127.0.0.1 at 2014-09-16 19:47:22 +1000
Processing by PostsController#edit as HTML
  Parameters: {"id"=>"1"}
  [1m[35mPost Load (0.0ms)[0m  SELECT  "posts".* FROM "posts"  WHERE "posts"."id" = ? LIMIT 1  [["id", 1]]
  Rendered posts/_form.html.erb (6.0ms)
  Rendered posts/edit.html.erb within layouts/application (11.0ms)
Completed 200 OK in 35ms (Views: 31.0ms | ActiveRecord: 0.0ms)


Started GET "/posts/1" for 127.0.0.1 at 2014-09-16 19:48:49 +1000
Processing by PostsController#show as HTML
  Parameters: {"id"=>"1"}
  [1m[36mPost Load (0.0ms)[0m  [1mSELECT  "posts".* FROM "posts"  WHERE "posts"."id" = ? LIMIT 1[0m  [["id", 1]]
  [1m[35mComment Load (1.0ms)[0m  SELECT "comments".* FROM "comments"  WHERE "comments"."post_id" = ?  [["post_id", 1]]
  Rendered posts/show.html.erb within layouts/application (19.0ms)
Completed 200 OK in 56ms (Views: 44.0ms | ActiveRecord: 1.0ms)


Started GET "/posts" for 127.0.0.1 at 2014-09-16 19:48:49 +1000
Processing by PostsController#index as HTML
  [1m[36mPost Load (0.0ms)[0m  [1mSELECT "posts".* FROM "posts"[0m
  Rendered posts/index.html.erb within layouts/application (3.0ms)
Completed 200 OK in 15ms (Views: 14.0ms | ActiveRecord: 0.0ms)


Started GET "/posts/" for 127.0.0.1 at 2014-09-16 19:48:49 +1000
Processing by PostsController#index as HTML
  [1m[35mPost Load (0.0ms)[0m  SELECT "posts".* FROM "posts"
  Rendered posts/index.html.erb within layouts/application (2.0ms)
Completed 200 OK in 10ms (Views: 9.0ms | ActiveRecord: 0.0ms)


Started GET "/posts/1" for 127.0.0.1 at 2014-09-16 19:48:49 +1000
Processing by PostsController#show as HTML
  Parameters: {"id"=>"1"}
  [1m[36mPost Load (0.0ms)[0m  [1mSELECT  "posts".* FROM "posts"  WHERE "posts"."id" = ? LIMIT 1[0m  [["id", 1]]
  [1m[35mComment Load (1.0ms)[0m  SELECT "comments".* FROM "comments"  WHERE "comments"."post_id" = ?  [["post_id", 1]]
  Rendered posts/show.html.erb within layouts/application (4.0ms)
Completed 200 OK in 14ms (Views: 11.0ms | ActiveRecord: 1.0ms)


Started GET "/posts/" for 127.0.0.1 at 2014-09-16 19:48:49 +1000
Processing by PostsController#index as HTML
  [1m[36mPost Load (0.0ms)[0m  [1mSELECT "posts".* FROM "posts"[0m
  Rendered posts/index.html.erb within layouts/application (23.0ms)
Completed 200 OK in 30ms (Views: 30.0ms | ActiveRecord: 0.0ms)


Started GET "/posts/1" for 127.0.0.1 at 2014-09-16 19:49:13 +1000
  [1m[36mActiveRecord::SchemaMigration Load (0.0ms)[0m  [1mSELECT "schema_migrations".* FROM "schema_migrations"[0m
Processing by PostsController#show as HTML
  Parameters: {"id"=>"1"}
  [1m[35mPost Load (0.0ms)[0m  SELECT  "posts".* FROM "posts"  WHERE "posts"."id" = ? LIMIT 1  [["id", 1]]
  [1m[36mComment Load (0.0ms)[0m  [1mSELECT "comments".* FROM "comments"  WHERE "comments"."post_id" = ?[0m  [["post_id", 1]]
  Rendered posts/show.html.erb within layouts/application (107.0ms)
Completed 200 OK in 232ms (Views: 201.0ms | ActiveRecord: 1.0ms)


Started GET "/assets/jquery.js?body=1" for 127.0.0.1 at 2014-09-16 19:49:14 +1000


Started POST "/posts/1/comments" for 127.0.0.1 at 2014-09-16 19:49:24 +1000
Processing by CommentsController#create as JS
  Parameters: {"utf8"=>"✓", "comment"=>{"body"=>"Added using Ajax"}, "commit"=>"Add Comment", "post_id"=>"1"}
  [1m[35mPost Load (0.0ms)[0m  SELECT  "posts".* FROM "posts"  WHERE "posts"."id" = ? LIMIT 1  [["id", 1]]
  [1m[36m (0.0ms)[0m  [1mbegin transaction[0m
  [1m[35mSQL (1.0ms)[0m  INSERT INTO "comments" ("body", "created_at", "post_id", "updated_at") VALUES (?, ?, ?, ?)  [["body", "Added using Ajax"], ["created_at", "2014-09-16 09:49:24.070343"], ["post_id", 1], ["updated_at", "2014-09-16 09:49:24.070343"]]
  [1m[36m (64.0ms)[0m  [1mcommit transaction[0m
  [1m[35m (0.0ms)[0m  begin transaction
  [1m[36m (0.0ms)[0m  [1mcommit transaction[0m
  Rendered comments/_comment.html.erb (1.0ms)
  Rendered comments/create.js.erb (53.0ms)
Completed 200 OK in 141ms (Views: 63.0ms | ActiveRecord: 65.0ms)


Started POST "/posts/1/comments" for 127.0.0.1 at 2014-09-16 19:49:29 +1000
Processing by CommentsController#create as JS
  Parameters: {"utf8"=>"✓", "comment"=>{"body"=>"dsds"}, "commit"=>"Add Comment", "post_id"=>"1"}
  [1m[35mPost Load (0.0ms)[0m  SELECT  "posts".* FROM "posts"  WHERE "posts"."id" = ? LIMIT 1  [["id", 1]]
  [1m[36m (0.0ms)[0m  [1mbegin transaction[0m
  [1m[35mSQL (1.0ms)[0m  INSERT INTO "comments" ("body", "created_at", "post_id", "updated_at") VALUES (?, ?, ?, ?)  [["body", "dsds"], ["created_at", "2014-09-16 09:49:29.502654"], ["post_id", 1], ["updated_at", "2014-09-16 09:49:29.502654"]]
  [1m[36m (73.0ms)[0m  [1mcommit transaction[0m
  [1m[35m (0.0ms)[0m  begin transaction
  [1m[36m (1.0ms)[0m  [1mcommit transaction[0m
  Rendered comments/_comment.html.erb (1.0ms)
  Rendered comments/create.js.erb (6.0ms)
Completed 200 OK in 103ms (Views: 18.0ms | ActiveRecord: 75.0ms)


Started POST "/posts/1/comments" for 127.0.0.1 at 2014-09-16 19:49:32 +1000
Processing by CommentsController#create as JS
  Parameters: {"utf8"=>"✓", "comment"=>{"body"=>"dsds"}, "commit"=>"Add Comment", "post_id"=>"1"}
  [1m[35mPost Load (0.0ms)[0m  SELECT  "posts".* FROM "posts"  WHERE "posts"."id" = ? LIMIT 1  [["id", 1]]
  [1m[36m (0.0ms)[0m  [1mbegin transaction[0m
  [1m[35mSQL (1.0ms)[0m  INSERT INTO "comments" ("body", "created_at", "post_id", "updated_at") VALUES (?, ?, ?, ?)  [["body", "dsds"], ["created_at", "2014-09-16 09:49:32.079801"], ["post_id", 1], ["updated_at", "2014-09-16 09:49:32.079801"]]
  [1m[36m (86.0ms)[0m  [1mcommit transaction[0m
  [1m[35m (0.0ms)[0m  begin transaction
  [1m[36m (0.0ms)[0m  [1mcommit transaction[0m
  Rendered comments/_comment.html.erb (1.0ms)
  Rendered comments/create.js.erb (6.0ms)
Completed 200 OK in 113ms (Views: 16.0ms | ActiveRecord: 87.0ms)


Started GET "/comments/1" for 127.0.0.1 at 2014-09-16 19:49:51 +1000

ActionController::RoutingError (No route matches [GET] "/comments/1"):
  actionpack (4.1.5) lib/action_dispatch/middleware/debug_exceptions.rb:21:in `call'
  actionpack (4.1.5) lib/action_dispatch/middleware/show_exceptions.rb:30:in `call'
  railties (4.1.5) lib/rails/rack/logger.rb:38:in `call_app'
  railties (4.1.5) lib/rails/rack/logger.rb:20:in `block in call'
  activesupport (4.1.5) lib/active_support/tagged_logging.rb:68:in `block in tagged'
  activesupport (4.1.5) lib/active_support/tagged_logging.rb:26:in `tagged'
  activesupport (4.1.5) lib/active_support/tagged_logging.rb:68:in `tagged'
  railties (4.1.5) lib/rails/rack/logger.rb:20:in `call'
  actionpack (4.1.5) lib/action_dispatch/middleware/request_id.rb:21:in `call'
  rack (1.5.2) lib/rack/methodoverride.rb:21:in `call'
  rack (1.5.2) lib/rack/runtime.rb:17:in `call'
  activesupport (4.1.5) lib/active_support/cache/strategy/local_cache_middleware.rb:26:in `call'
  rack (1.5.2) lib/rack/lock.rb:17:in `call'
  actionpack (4.1.5) lib/action_dispatch/middleware/static.rb:64:in `call'
  rack (1.5.2) lib/rack/sendfile.rb:112:in `call'
  railties (4.1.5) lib/rails/engine.rb:514:in `call'
  railties (4.1.5) lib/rails/application.rb:144:in `call'
  rack (1.5.2) lib/rack/lock.rb:17:in `call'
  rack (1.5.2) lib/rack/content_length.rb:14:in `call'
  rack (1.5.2) lib/rack/handler/webrick.rb:60:in `service'
  C:/RailsInstaller/Ruby1.9.3/lib/ruby/1.9.1/webrick/httpserver.rb:138:in `service'
  C:/RailsInstaller/Ruby1.9.3/lib/ruby/1.9.1/webrick/httpserver.rb:94:in `run'
  C:/RailsInstaller/Ruby1.9.3/lib/ruby/1.9.1/webrick/server.rb:191:in `block in start_thread'


  Rendered C:/RailsInstaller/Ruby1.9.3/lib/ruby/gems/1.9.1/gems/actionpack-4.1.5/lib/action_dispatch/middleware/templates/rescues/_trace.html.erb (2.0ms)
  Rendered C:/RailsInstaller/Ruby1.9.3/lib/ruby/gems/1.9.1/gems/actionpack-4.1.5/lib/action_dispatch/middleware/templates/routes/_route.html.erb (2.0ms)
  Rendered C:/RailsInstaller/Ruby1.9.3/lib/ruby/gems/1.9.1/gems/actionpack-4.1.5/lib/action_dispatch/middleware/templates/routes/_table.html.erb (44.0ms)
  Rendered C:/RailsInstaller/Ruby1.9.3/lib/ruby/gems/1.9.1/gems/actionpack-4.1.5/lib/action_dispatch/middleware/templates/rescues/routing_error.html.erb within rescues/layout (179.0ms)


Started GET "/comments" for 127.0.0.1 at 2014-09-16 19:49:55 +1000

ActionController::RoutingError (No route matches [GET] "/comments"):
  actionpack (4.1.5) lib/action_dispatch/middleware/debug_exceptions.rb:21:in `call'
  actionpack (4.1.5) lib/action_dispatch/middleware/show_exceptions.rb:30:in `call'
  railties (4.1.5) lib/rails/rack/logger.rb:38:in `call_app'
  railties (4.1.5) lib/rails/rack/logger.rb:20:in `block in call'
  activesupport (4.1.5) lib/active_support/tagged_logging.rb:68:in `block in tagged'
  activesupport (4.1.5) lib/active_support/tagged_logging.rb:26:in `tagged'
  activesupport (4.1.5) lib/active_support/tagged_logging.rb:68:in `tagged'
  railties (4.1.5) lib/rails/rack/logger.rb:20:in `call'
  actionpack (4.1.5) lib/action_dispatch/middleware/request_id.rb:21:in `call'
  rack (1.5.2) lib/rack/methodoverride.rb:21:in `call'
  rack (1.5.2) lib/rack/runtime.rb:17:in `call'
  activesupport (4.1.5) lib/active_support/cache/strategy/local_cache_middleware.rb:26:in `call'
  rack (1.5.2) lib/rack/lock.rb:17:in `call'
  actionpack (4.1.5) lib/action_dispatch/middleware/static.rb:64:in `call'
  rack (1.5.2) lib/rack/sendfile.rb:112:in `call'
  railties (4.1.5) lib/rails/engine.rb:514:in `call'
  railties (4.1.5) lib/rails/application.rb:144:in `call'
  rack (1.5.2) lib/rack/lock.rb:17:in `call'
  rack (1.5.2) lib/rack/content_length.rb:14:in `call'
  rack (1.5.2) lib/rack/handler/webrick.rb:60:in `service'
  C:/RailsInstaller/Ruby1.9.3/lib/ruby/1.9.1/webrick/httpserver.rb:138:in `service'
  C:/RailsInstaller/Ruby1.9.3/lib/ruby/1.9.1/webrick/httpserver.rb:94:in `run'
  C:/RailsInstaller/Ruby1.9.3/lib/ruby/1.9.1/webrick/server.rb:191:in `block in start_thread'


  Rendered C:/RailsInstaller/Ruby1.9.3/lib/ruby/gems/1.9.1/gems/actionpack-4.1.5/lib/action_dispatch/middleware/templates/rescues/_trace.html.erb (1.0ms)
  Rendered C:/RailsInstaller/Ruby1.9.3/lib/ruby/gems/1.9.1/gems/actionpack-4.1.5/lib/action_dispatch/middleware/templates/routes/_route.html.erb (2.0ms)
  Rendered C:/RailsInstaller/Ruby1.9.3/lib/ruby/gems/1.9.1/gems/actionpack-4.1.5/lib/action_dispatch/middleware/templates/routes/_table.html.erb (1.0ms)
  Rendered C:/RailsInstaller/Ruby1.9.3/lib/ruby/gems/1.9.1/gems/actionpack-4.1.5/lib/action_dispatch/middleware/templates/rescues/routing_error.html.erb within rescues/layout (52.0ms)


Started GET "/posts/1/edit" for 127.0.0.1 at 2014-09-16 19:50:00 +1000
Processing by PostsController#edit as HTML
  Parameters: {"id"=>"1"}
  [1m[35mPost Load (0.0ms)[0m  SELECT  "posts".* FROM "posts"  WHERE "posts"."id" = ? LIMIT 1  [["id", 1]]
  Rendered posts/_form.html.erb (4.0ms)
  Rendered posts/edit.html.erb within layouts/application (7.0ms)
Completed 200 OK in 25ms (Views: 18.0ms | ActiveRecord: 0.0ms)


Started GET "/assets/jquery.js?body=1" for 127.0.0.1 at 2014-09-16 19:50:00 +1000


Started GET "/posts/1" for 127.0.0.1 at 2014-09-16 19:50:03 +1000
Processing by PostsController#show as HTML
  Parameters: {"id"=>"1"}
  [1m[36mPost Load (1.0ms)[0m  [1mSELECT  "posts".* FROM "posts"  WHERE "posts"."id" = ? LIMIT 1[0m  [["id", 1]]
  [1m[35mComment Load (1.0ms)[0m  SELECT "comments".* FROM "comments"  WHERE "comments"."post_id" = ?  [["post_id", 1]]
  Rendered posts/show.html.erb within layouts/application (20.0ms)
Completed 200 OK in 41ms (Views: 36.0ms | ActiveRecord: 2.0ms)
  [1m[36mPost Load (7.0ms)[0m  [1mSELECT "posts".* FROM "posts"[0m
  [1m[35mComment Load (0.0ms)[0m  SELECT "comments".* FROM "comments"  WHERE "comments"."post_id" = ?  [["post_id", 1]]
  [1m[36mPost Load (0.0ms)[0m  [1mSELECT "posts".* FROM "posts"[0m
  [1m[35mComment Load (1.0ms)[0m  SELECT "comments".* FROM "comments"  WHERE "comments"."post_id" = ?  [["post_id", 1]]
  [1m[36mSQL (72.0ms)[0m  [1mDELETE FROM "comments" WHERE "comments"."post_id" = ? AND (id > 4)[0m  [["post_id", 1]]
  [1m[35mSQL (1.0ms)[0m  DELETE FROM "comments" WHERE "comments"."post_id" = ? AND (comment_id > 4)  [["post_id", 1]]
SQLite3::SQLException: no such column: comment_id: DELETE FROM "comments" WHERE "comments"."post_id" = ? AND (comment_id > 4)
  [1m[36mSQL (1.0ms)[0m  [1mDELETE FROM "comments" WHERE "comments"."post_id" = ? AND (id > 4)[0m  [["post_id", 1]]
  [1m[35mSQL (1.0ms)[0m  DELETE FROM "comments" WHERE "comments"."post_id" = ? AND (id > 4)  [["post_id", 1]]
  [1m[36mSQL (0.0ms)[0m  [1mDELETE FROM "comments" WHERE (id > 4 AND post_id = 0)[0m
  [1m[35mPost Load (0.0ms)[0m  SELECT "posts".* FROM "posts"
  [1m[36mComment Load (1.0ms)[0m  [1mSELECT "comments".* FROM "comments"  WHERE "comments"."post_id" = ?[0m  [["post_id", 1]]


Started GET "/posts/" for 127.0.0.1 at 2014-09-17 08:39:35 +1000
  [1m[36mActiveRecord::SchemaMigration Load (0.0ms)[0m  [1mSELECT "schema_migrations".* FROM "schema_migrations"[0m
Processing by PostsController#index as HTML
  [1m[35mPost Load (0.0ms)[0m  SELECT "posts".* FROM "posts"
  Rendered posts/index.html.erb within layouts/application (13.0ms)
Completed 200 OK in 453ms (Views: 420.0ms | ActiveRecord: 0.0ms)


Started GET "/assets/posts.css?body=1" for 127.0.0.1 at 2014-09-17 08:39:36 +1000


Started GET "/assets/comments.css?body=1" for 127.0.0.1 at 2014-09-17 08:39:36 +1000


Started GET "/assets/scaffolds.css?body=1" for 127.0.0.1 at 2014-09-17 08:39:36 +1000


Started GET "/assets/application.css?body=1" for 127.0.0.1 at 2014-09-17 08:39:36 +1000


Started GET "/assets/jquery.js?body=1" for 127.0.0.1 at 2014-09-17 08:39:36 +1000


Started GET "/assets/jquery_ujs.js?body=1" for 127.0.0.1 at 2014-09-17 08:39:36 +1000


Started GET "/assets/turbolinks.js?body=1" for 127.0.0.1 at 2014-09-17 08:39:36 +1000


Started GET "/assets/comments.js?body=1" for 127.0.0.1 at 2014-09-17 08:39:36 +1000


Started GET "/assets/posts.js?body=1" for 127.0.0.1 at 2014-09-17 08:39:36 +1000


Started GET "/assets/application.js?body=1" for 127.0.0.1 at 2014-09-17 08:39:37 +1000


Started GET "/posts/1" for 127.0.0.1 at 2014-09-17 08:39:39 +1000
Processing by PostsController#show as HTML
  Parameters: {"id"=>"1"}
  [1m[36mPost Load (0.0ms)[0m  [1mSELECT  "posts".* FROM "posts"  WHERE "posts"."id" = ? LIMIT 1[0m  [["id", 1]]
  [1m[35mComment Load (1.0ms)[0m  SELECT "comments".* FROM "comments"  WHERE "comments"."post_id" = ?  [["post_id", 1]]
  Rendered posts/show.html.erb within layouts/application (122.0ms)
Completed 500 Internal Server Error in 128ms

ActionView::Template::Error (Missing partial comments/_comment with {:locale=>[:en], :formats=>[:html, :xml], :variants=>[], :handlers=>[:erb, :builder, :raw, :ruby, :jbuilder, :coffee]}. Searched in:
  * "D:/Rails/blog/app/views"
):
    12: 
    13: <h2>Comments</h2>
    14: <div id="comments">
    15:   <% render :partial => @post.comments.reverse %>
    16: </div>
    17: 
    18: <%= form_for([@post, Comment.new], remote: true) do |f| %>
  app/views/posts/show.html.erb:15:in `_app_views_posts_show_html_erb___916211043_36593568'


  Rendered C:/RailsInstaller/Ruby1.9.3/lib/ruby/gems/1.9.1/gems/actionpack-4.1.5/lib/action_dispatch/middleware/templates/rescues/_trace.html.erb (1.0ms)
  Rendered C:/RailsInstaller/Ruby1.9.3/lib/ruby/gems/1.9.1/gems/actionpack-4.1.5/lib/action_dispatch/middleware/templates/rescues/_request_and_response.html.erb (1.0ms)
  Rendered C:/RailsInstaller/Ruby1.9.3/lib/ruby/gems/1.9.1/gems/actionpack-4.1.5/lib/action_dispatch/middleware/templates/rescues/template_error.html.erb within rescues/layout (70.0ms)


Started GET "/posts/1" for 127.0.0.1 at 2014-09-17 08:39:39 +1000
Processing by PostsController#show as HTML
  Parameters: {"id"=>"1"}
  [1m[36mPost Load (0.0ms)[0m  [1mSELECT  "posts".* FROM "posts"  WHERE "posts"."id" = ? LIMIT 1[0m  [["id", 1]]
  [1m[35mComment Load (0.0ms)[0m  SELECT "comments".* FROM "comments"  WHERE "comments"."post_id" = ?  [["post_id", 1]]
  Rendered posts/show.html.erb within layouts/application (3.0ms)
Completed 500 Internal Server Error in 8ms

ActionView::Template::Error (Missing partial comments/_comment with {:locale=>[:en], :formats=>[:html], :variants=>[], :handlers=>[:erb, :builder, :raw, :ruby, :jbuilder, :coffee]}. Searched in:
  * "D:/Rails/blog/app/views"
):
    12: 
    13: <h2>Comments</h2>
    14: <div id="comments">
    15:   <% render :partial => @post.comments.reverse %>
    16: </div>
    17: 
    18: <%= form_for([@post, Comment.new], remote: true) do |f| %>
  app/views/posts/show.html.erb:15:in `_app_views_posts_show_html_erb___916211043_43594188'


  Rendered C:/RailsInstaller/Ruby1.9.3/lib/ruby/gems/1.9.1/gems/actionpack-4.1.5/lib/action_dispatch/middleware/templates/rescues/_trace.html.erb (22.0ms)
  Rendered C:/RailsInstaller/Ruby1.9.3/lib/ruby/gems/1.9.1/gems/actionpack-4.1.5/lib/action_dispatch/middleware/templates/rescues/_request_and_response.html.erb (1.0ms)
  Rendered C:/RailsInstaller/Ruby1.9.3/lib/ruby/gems/1.9.1/gems/actionpack-4.1.5/lib/action_dispatch/middleware/templates/rescues/template_error.html.erb within rescues/layout (45.0ms)


Started GET "/posts/1" for 127.0.0.1 at 2014-09-17 08:40:21 +1000
Processing by PostsController#show as HTML
  Parameters: {"id"=>"1"}
  [1m[36mPost Load (0.0ms)[0m  [1mSELECT  "posts".* FROM "posts"  WHERE "posts"."id" = ? LIMIT 1[0m  [["id", 1]]
  [1m[35mComment Load (0.0ms)[0m  SELECT "comments".* FROM "comments"  WHERE "comments"."post_id" = ?  [["post_id", 1]]
  Rendered posts/show.html.erb within layouts/application (4.0ms)
Completed 500 Internal Server Error in 8ms

ActionView::Template::Error (Missing partial comments/_comment with {:locale=>[:en], :formats=>[:html], :variants=>[], :handlers=>[:erb, :builder, :raw, :ruby, :jbuilder, :coffee]}. Searched in:
  * "D:/Rails/blog/app/views"
):
    12: 
    13: <h2>Comments</h2>
    14: <div id="comments">
    15:   <%= render :partial => @post.comments.reverse %>
    16: </div>
    17: 
    18: <%= form_for([@post, Comment.new], remote: true) do |f| %>
  app/views/posts/show.html.erb:15:in `_app_views_posts_show_html_erb___916211043_31089144'


  Rendered C:/RailsInstaller/Ruby1.9.3/lib/ruby/gems/1.9.1/gems/actionpack-4.1.5/lib/action_dispatch/middleware/templates/rescues/_trace.html.erb (1.0ms)
  Rendered C:/RailsInstaller/Ruby1.9.3/lib/ruby/gems/1.9.1/gems/actionpack-4.1.5/lib/action_dispatch/middleware/templates/rescues/_request_and_response.html.erb (0.0ms)
  Rendered C:/RailsInstaller/Ruby1.9.3/lib/ruby/gems/1.9.1/gems/actionpack-4.1.5/lib/action_dispatch/middleware/templates/rescues/template_error.html.erb within rescues/layout (23.0ms)


Started GET "/posts/1" for 127.0.0.1 at 2014-09-17 08:40:31 +1000
Processing by PostsController#show as HTML
  Parameters: {"id"=>"1"}
  [1m[36mPost Load (0.0ms)[0m  [1mSELECT  "posts".* FROM "posts"  WHERE "posts"."id" = ? LIMIT 1[0m  [["id", 1]]
  [1m[35mComment Load (0.0ms)[0m  SELECT "comments".* FROM "comments"  WHERE "comments"."post_id" = ?  [["post_id", 1]]
  Rendered posts/show.html.erb within layouts/application (5.0ms)
Completed 500 Internal Server Error in 12ms

ActionView::Template::Error (Missing partial comments/_comment with {:locale=>[:en], :formats=>[:html, :xml], :variants=>[], :handlers=>[:erb, :builder, :raw, :ruby, :jbuilder, :coffee]}. Searched in:
  * "D:/Rails/blog/app/views"
):
    12: 
    13: <h2>Comments</h2>
    14: <div id="comments">
    15:   <%= render :partial => @post.comments.reverse %>
    16: </div>
    17: 
    18: <%= form_for([@post, Comment.new], remote: true) do |f| %>
  app/views/posts/show.html.erb:15:in `_app_views_posts_show_html_erb___916211043_35197944'


  Rendered C:/RailsInstaller/Ruby1.9.3/lib/ruby/gems/1.9.1/gems/actionpack-4.1.5/lib/action_dispatch/middleware/templates/rescues/_trace.html.erb (2.0ms)
  Rendered C:/RailsInstaller/Ruby1.9.3/lib/ruby/gems/1.9.1/gems/actionpack-4.1.5/lib/action_dispatch/middleware/templates/rescues/_request_and_response.html.erb (1.0ms)
  Rendered C:/RailsInstaller/Ruby1.9.3/lib/ruby/gems/1.9.1/gems/actionpack-4.1.5/lib/action_dispatch/middleware/templates/rescues/template_error.html.erb within rescues/layout (24.0ms)


Started GET "/posts/1" for 127.0.0.1 at 2014-09-17 08:40:32 +1000
Processing by PostsController#show as HTML
  Parameters: {"id"=>"1"}
  [1m[36mPost Load (1.0ms)[0m  [1mSELECT  "posts".* FROM "posts"  WHERE "posts"."id" = ? LIMIT 1[0m  [["id", 1]]
  [1m[35mComment Load (0.0ms)[0m  SELECT "comments".* FROM "comments"  WHERE "comments"."post_id" = ?  [["post_id", 1]]
  Rendered posts/show.html.erb within layouts/application (4.0ms)
Completed 500 Internal Server Error in 8ms

ActionView::Template::Error (Missing partial comments/_comment with {:locale=>[:en], :formats=>[:html], :variants=>[], :handlers=>[:erb, :builder, :raw, :ruby, :jbuilder, :coffee]}. Searched in:
  * "D:/Rails/blog/app/views"
):
    12: 
    13: <h2>Comments</h2>
    14: <div id="comments">
    15:   <%= render :partial => @post.comments.reverse %>
    16: </div>
    17: 
    18: <%= form_for([@post, Comment.new], remote: true) do |f| %>
  app/views/posts/show.html.erb:15:in `_app_views_posts_show_html_erb___916211043_31089144'


  Rendered C:/RailsInstaller/Ruby1.9.3/lib/ruby/gems/1.9.1/gems/actionpack-4.1.5/lib/action_dispatch/middleware/templates/rescues/_trace.html.erb (1.0ms)
  Rendered C:/RailsInstaller/Ruby1.9.3/lib/ruby/gems/1.9.1/gems/actionpack-4.1.5/lib/action_dispatch/middleware/templates/rescues/_request_and_response.html.erb (1.0ms)
  Rendered C:/RailsInstaller/Ruby1.9.3/lib/ruby/gems/1.9.1/gems/actionpack-4.1.5/lib/action_dispatch/middleware/templates/rescues/template_error.html.erb within rescues/layout (23.0ms)


Started GET "/posts/1" for 127.0.0.1 at 2014-09-17 08:42:14 +1000
  [1m[36mActiveRecord::SchemaMigration Load (0.0ms)[0m  [1mSELECT "schema_migrations".* FROM "schema_migrations"[0m
Processing by PostsController#show as HTML
  Parameters: {"id"=>"1"}
  [1m[35mPost Load (0.0ms)[0m  SELECT  "posts".* FROM "posts"  WHERE "posts"."id" = ? LIMIT 1  [["id", 1]]
  [1m[36mComment Load (0.0ms)[0m  [1mSELECT "comments".* FROM "comments"  WHERE "comments"."post_id" = ?[0m  [["post_id", 1]]
  Rendered posts/show.html.erb within layouts/application (81.0ms)
Completed 500 Internal Server Error in 148ms

ActionView::Template::Error (Missing partial comments/_comment with {:locale=>[:en], :formats=>[:html], :variants=>[], :handlers=>[:erb, :builder, :raw, :ruby, :jbuilder, :coffee]}. Searched in:
  * "D:/Rails/blog/app/views"
):
    12: 
    13: <h2>Comments</h2>
    14: <div id="comments">
    15:   <%= render :partial => @post.comments.reverse %>
    16: </div>
    17: 
    18: <%= form_for([@post, Comment.new], remote: true) do |f| %>
  app/views/posts/show.html.erb:15:in `_app_views_posts_show_html_erb__487750207_43973424'


  Rendered C:/RailsInstaller/Ruby1.9.3/lib/ruby/gems/1.9.1/gems/actionpack-4.1.5/lib/action_dispatch/middleware/templates/rescues/_trace.html.erb (1.0ms)
  Rendered C:/RailsInstaller/Ruby1.9.3/lib/ruby/gems/1.9.1/gems/actionpack-4.1.5/lib/action_dispatch/middleware/templates/rescues/_request_and_response.html.erb (1.0ms)
  Rendered C:/RailsInstaller/Ruby1.9.3/lib/ruby/gems/1.9.1/gems/actionpack-4.1.5/lib/action_dispatch/middleware/templates/rescues/template_error.html.erb within rescues/layout (26.0ms)


Started GET "/posts/1" for 127.0.0.1 at 2014-09-17 08:43:05 +1000
Processing by PostsController#show as HTML
  Parameters: {"id"=>"1"}
  [1m[35mPost Load (0.0ms)[0m  SELECT  "posts".* FROM "posts"  WHERE "posts"."id" = ? LIMIT 1  [["id", 1]]
  [1m[36mComment Load (0.0ms)[0m  [1mSELECT "comments".* FROM "comments"  WHERE "comments"."post_id" = ?[0m  [["post_id", 1]]
  Rendered comments/_comment.html.erb (50.0ms)
  Rendered posts/show.html.erb within layouts/application (156.0ms)
Completed 200 OK in 224ms (Views: 219.0ms | ActiveRecord: 0.0ms)


Started GET "/assets/posts.css?body=1" for 127.0.0.1 at 2014-09-17 08:43:05 +1000


Started GET "/assets/scaffolds.css?body=1" for 127.0.0.1 at 2014-09-17 08:43:05 +1000


Started GET "/assets/application.css?body=1" for 127.0.0.1 at 2014-09-17 08:43:05 +1000


Started GET "/assets/comments.css?body=1" for 127.0.0.1 at 2014-09-17 08:43:05 +1000


Started GET "/assets/jquery.js?body=1" for 127.0.0.1 at 2014-09-17 08:43:05 +1000


Started GET "/assets/jquery_ujs.js?body=1" for 127.0.0.1 at 2014-09-17 08:43:05 +1000


Started GET "/assets/turbolinks.js?body=1" for 127.0.0.1 at 2014-09-17 08:43:05 +1000


Started GET "/assets/comments.js?body=1" for 127.0.0.1 at 2014-09-17 08:43:05 +1000


Started GET "/assets/posts.js?body=1" for 127.0.0.1 at 2014-09-17 08:43:05 +1000


Started GET "/assets/application.js?body=1" for 127.0.0.1 at 2014-09-17 08:43:05 +1000


Started POST "/posts/1/comments" for 127.0.0.1 at 2014-09-17 08:43:27 +1000
Processing by CommentsController#create as JS
  Parameters: {"utf8"=>"✓", "comment"=>{"body"=>"Another Ajax Comment"}, "commit"=>"Add Comment", "post_id"=>"1"}
  [1m[35mPost Load (1.0ms)[0m  SELECT  "posts".* FROM "posts"  WHERE "posts"."id" = ? LIMIT 1  [["id", 1]]
  [1m[36m (0.0ms)[0m  [1mbegin transaction[0m
  [1m[35mSQL (1.0ms)[0m  INSERT INTO "comments" ("body", "created_at", "post_id", "updated_at") VALUES (?, ?, ?, ?)  [["body", "Another Ajax Comment"], ["created_at", "2014-09-16 22:43:27.690589"], ["post_id", 1], ["updated_at", "2014-09-16 22:43:27.690589"]]
  [1m[36m (84.0ms)[0m  [1mcommit transaction[0m
  [1m[35m (0.0ms)[0m  begin transaction
  [1m[36m (0.0ms)[0m  [1mcommit transaction[0m
  Rendered comments/_comment.html.erb (3.0ms)
  Rendered comments/create.js.erb (9.0ms)
Completed 200 OK in 125ms (Views: 21.0ms | ActiveRecord: 86.0ms)
